Log file open, 03/16/18 22:14:08
LogWindows: Failed to load 'aqProf.dll' (GetLastError=126)
LogWindows: File 'aqProf.dll' does not exist
LogWindows: Failed to load 'VtuneApi.dll' (GetLastError=126)
LogWindows: File 'VtuneApi.dll' does not exist
LogWindows: Failed to load 'VtuneApi32e.dll' (GetLastError=126)
LogWindows: File 'VtuneApi32e.dll' does not exist
LogInit: Display: Running engine for game: GameJam01
LogPlatformFile: Not using cached read wrapper
LogInit: Display: RandInit(868316910) SRandInit(868316910).
LogInit: Read version file with build ID '3709383'
LogInit: Overriding engine version to CL 3832480, compatible CL 3709383
LogInit: Registered custom module enumerator with build ID '3709383'
LogTaskGraph: Started task graph with 5 named threads and 14 total threads with 3 sets of task threads.
LogStats: Stats thread started at 0.147984
LogD3D11RHI: Aftermath initialized
LogModuleManager: Display: Found up-to-date module file ../../../Engine/Plugins/2D/Paper2D/Binaries/Win64/UE4Editor-Paper2D.dll (API version 3709383).
LogModuleManager: Display: Found up-to-date module file ../../../Engine/Plugins/2D/Paper2D/Binaries/Win64/UE4Editor-Paper2DEditor.dll (API version 3709383).
LogModuleManager: Display: Found up-to-date module file ../../../Engine/Plugins/2D/Paper2D/Binaries/Win64/UE4Editor-PaperSpriteSheetImporter.dll (API version 3709383).
LogModuleManager: Display: Found up-to-date module file ../../../Engine/Plugins/2D/Paper2D/Binaries/Win64/UE4Editor-PaperTiledImporter.dll (API version 3709383).
LogModuleManager: Display: Found up-to-date module file ../../../Engine/Plugins/2D/Paper2D/Binaries/Win64/UE4Editor-SmartSnapping.dll (API version 3709383).
LogModuleManager: Display: Found up-to-date module file ../../../Engine/Plugins/Blendables/LightPropagationVolume/Binaries/Win64/UE4Editor-LightPropagationVolumeRuntime.dll (API version 3709383).
LogModuleManager: Display: Found up-to-date module file ../../../Engine/Plugins/Blendables/LightPropagationVolume/Binaries/Win64/UE4Editor-LightPropagationVolumeEditor.dll (API version 3709383).
LogModuleManager: Display: Found up-to-date module file ../../../Engine/Plugins/Developer/GitSourceControl/Binaries/Win64/UE4Editor-GitSourceControl.dll (API version 3709383).
LogModuleManager: Display: Found up-to-date module file ../../../Engine/Plugins/Developer/PerforceSourceControl/Binaries/Win64/UE4Editor-PerforceSourceControl.dll (API version 3709383).
LogModuleManager: Display: Found up-to-date module file ../../../Engine/Plugins/Developer/SubversionSourceControl/Binaries/Win64/UE4Editor-SubversionSourceControl.dll (API version 3709383).
LogModuleManager: Display: Found up-to-date module file ../../../Engine/Plugins/Developer/UObjectPlugin/Binaries/Win64/UE4Editor-UObjectPlugin.dll (API version 3709383).
LogModuleManager: Display: Found up-to-date module file ../../../Engine/Plugins/Developer/VisualStudioCodeSourceCodeAccess/Binaries/Win64/UE4Editor-VisualStudioCodeSourceCodeAccess.dll (API version 3709383).
LogModuleManager: Display: Found up-to-date module file ../../../Engine/Plugins/Developer/VisualStudioSourceCodeAccess/Binaries/Win64/UE4Editor-VisualStudioSourceCodeAccess.dll (API version 3709383).
LogModuleManager: Display: Found up-to-date module file ../../../Engine/Plugins/Editor/AssetManagerEditor/Binaries/Win64/UE4Editor-AssetManagerEditor.dll (API version 3709383).
LogModuleManager: Display: Found up-to-date module file ../../../Engine/Plugins/Editor/AudioCapture/Binaries/Win64/UE4Editor-AudioCapture.dll (API version 3709383).
LogModuleManager: Display: Found up-to-date module file ../../../Engine/Plugins/Editor/FacialAnimation/Binaries/Win64/UE4Editor-FacialAnimation.dll (API version 3709383).
LogModuleManager: Display: Found up-to-date module file ../../../Engine/Plugins/Editor/FacialAnimation/Binaries/Win64/UE4Editor-FacialAnimationEditor.dll (API version 3709383).
LogModuleManager: Display: Found up-to-date module file ../../../Engine/Plugins/Editor/GameplayTagsEditor/Binaries/Win64/UE4Editor-GameplayTagsEditor.dll (API version 3709383).
LogModuleManager: Display: Found up-to-date module file ../../../Engine/Plugins/Editor/MobileLauncherProfileWizard/Binaries/Win64/UE4Editor-MobileLauncherProfileWizard.dll (API version 3709383).
LogModuleManager: Display: Found up-to-date module file ../../../Engine/Plugins/Editor/PluginBrowser/Binaries/Win64/UE4Editor-PluginBrowser.dll (API version 3709383).
LogModuleManager: Display: Found up-to-date module file ../../../Engine/Plugins/Editor/SpeedTreeImporter/Binaries/Win64/UE4Editor-SpeedTreeImporter.dll (API version 3709383).
LogModuleManager: Display: Found up-to-date module file ../../../Engine/Plugins/Experimental/AlembicImporter/Binaries/Win64/UE4Editor-AlembicImporter.dll (API version 3709383).
LogModuleManager: Display: Found up-to-date module file ../../../Engine/Plugins/Experimental/AlembicImporter/Binaries/Win64/UE4Editor-AlembicLibrary.dll (API version 3709383).
LogModuleManager: Display: Found up-to-date module file ../../../Engine/Plugins/Experimental/CharacterAI/Binaries/Win64/UE4Editor-CharacterAI.dll (API version 3709383).
LogModuleManager: Display: Found up-to-date module file ../../../Engine/Plugins/Experimental/HTML5Networking/Binaries/Win64/UE4Editor-HTML5Networking.dll (API version 3709383).
LogModuleManager: Display: Found up-to-date module file ../../../Engine/Plugins/Media/AndroidMedia/Binaries/Win64/UE4Editor-AndroidMediaEditor.dll (API version 3709383).
LogModuleManager: Display: Found up-to-date module file ../../../Engine/Plugins/Media/AndroidMedia/Binaries/Win64/UE4Editor-AndroidMediaFactory.dll (API version 3709383).
LogModuleManager: Display: Found up-to-date module file ../../../Engine/Plugins/Media/AvfMedia/Binaries/Win64/UE4Editor-AvfMediaEditor.dll (API version 3709383).
LogModuleManager: Display: Found up-to-date module file ../../../Engine/Plugins/Media/AvfMedia/Binaries/Win64/UE4Editor-AvfMediaFactory.dll (API version 3709383).
LogModuleManager: Display: Found up-to-date module file ../../../Engine/Plugins/Media/AvfMedia/Binaries/Win64/UE4Editor-AvfMediaFactory.dll (API version 3709383).
LogModuleManager: Display: Found up-to-date module file ../../../Engine/Plugins/Media/ImgMedia/Binaries/Win64/UE4Editor-ImgMedia.dll (API version 3709383).
LogModuleManager: Display: Found up-to-date module file ../../../Engine/Plugins/Media/ImgMedia/Binaries/Win64/UE4Editor-ImgMediaEditor.dll (API version 3709383).
LogModuleManager: Display: Found up-to-date module file ../../../Engine/Plugins/Media/ImgMedia/Binaries/Win64/UE4Editor-ImgMediaFactory.dll (API version 3709383).
LogModuleManager: Display: Found up-to-date module file ../../../Engine/Plugins/Media/ImgMedia/Binaries/Win64/UE4Editor-ImgMediaFactory.dll (API version 3709383).
LogModuleManager: Display: Found up-to-date module file ../../../Engine/Plugins/Media/ImgMedia/Binaries/Win64/UE4Editor-OpenExrWrapper.dll (API version 3709383).
LogModuleManager: Display: Found up-to-date module file ../../../Engine/Plugins/Media/MediaCompositing/Binaries/Win64/UE4Editor-MediaCompositing.dll (API version 3709383).
LogModuleManager: Display: Found up-to-date module file ../../../Engine/Plugins/Media/MediaCompositing/Binaries/Win64/UE4Editor-MediaCompositingEditor.dll (API version 3709383).
LogModuleManager: Display: Found up-to-date module file ../../../Engine/Plugins/Media/MediaPlayerEditor/Binaries/Win64/UE4Editor-MediaPlayerEditor.dll (API version 3709383).
LogModuleManager: Display: Found up-to-date module file ../../../Engine/Plugins/Media/WmfMedia/Binaries/Win64/UE4Editor-WmfMedia.dll (API version 3709383).
LogModuleManager: Display: Found up-to-date module file ../../../Engine/Plugins/Media/WmfMedia/Binaries/Win64/UE4Editor-WmfMediaEditor.dll (API version 3709383).
LogModuleManager: Display: Found up-to-date module file ../../../Engine/Plugins/Media/WmfMedia/Binaries/Win64/UE4Editor-WmfMediaFactory.dll (API version 3709383).
LogModuleManager: Display: Found up-to-date module file ../../../Engine/Plugins/Media/WmfMedia/Binaries/Win64/UE4Editor-WmfMediaFactory.dll (API version 3709383).
LogModuleManager: Display: Found up-to-date module file ../../../Engine/Plugins/Messaging/TcpMessaging/Binaries/Win64/UE4Editor-TcpMessaging.dll (API version 3709383).
LogModuleManager: Display: Found up-to-date module file ../../../Engine/Plugins/Messaging/UdpMessaging/Binaries/Win64/UE4Editor-UdpMessaging.dll (API version 3709383).
LogModuleManager: Display: Found up-to-date module file ../../../Engine/Plugins/MovieScene/ActorSequence/Binaries/Win64/UE4Editor-ActorSequence.dll (API version 3709383).
LogModuleManager: Display: Found up-to-date module file ../../../Engine/Plugins/MovieScene/LevelSequenceEditor/Binaries/Win64/UE4Editor-LevelSequenceEditor.dll (API version 3709383).
LogModuleManager: Display: Found up-to-date module file ../../../Engine/Plugins/MovieScene/MatineeToLevelSequence/Binaries/Win64/UE4Editor-MatineeToLevelSequence.dll (API version 3709383).
LogModuleManager: Display: Found up-to-date module file ../../../Engine/Plugins/Online/OnlineSubsystem/Binaries/Win64/UE4Editor-OnlineSubsystem.dll (API version 3709383).
LogModuleManager: Display: Found up-to-date module file ../../../Engine/Plugins/Runtime/AndroidPermission/Binaries/Win64/UE4Editor-AndroidPermission.dll (API version 3709383).
LogModuleManager: Display: Found up-to-date module file ../../../Engine/Plugins/Online/OnlineSubsystemNull/Binaries/Win64/UE4Editor-OnlineSubsystemNull.dll (API version 3709383).
LogModuleManager: Display: Found up-to-date module file ../../../Engine/Plugins/Online/OnlineSubsystemUtils/Binaries/Win64/UE4Editor-OnlineSubsystemUtils.dll (API version 3709383).
LogModuleManager: Display: Found up-to-date module file ../../../Engine/Plugins/Online/OnlineSubsystemUtils/Binaries/Win64/UE4Editor-OnlineBlueprintSupport.dll (API version 3709383).
LogModuleManager: Display: Found up-to-date module file ../../../Engine/Plugins/Runtime/AndroidDeviceProfileSelector/Binaries/Win64/UE4Editor-AndroidDeviceProfileSelector.dll (API version 3709383).
LogModuleManager: Display: Found up-to-date module file ../../../Engine/Plugins/Runtime/AppleARKit/Binaries/Win64/UE4Editor-AppleARKit.dll (API version 3709383).
LogModuleManager: Display: Found up-to-date module file ../../../Engine/Plugins/Runtime/ArchVisCharacter/Binaries/Win64/UE4Editor-ArchVisCharacter.dll (API version 3709383).
LogModuleManager: Display: Found up-to-date module file ../../../Engine/Plugins/Runtime/CableComponent/Binaries/Win64/UE4Editor-CableComponent.dll (API version 3709383).
LogModuleManager: Display: Found up-to-date module file ../../../Engine/Plugins/Runtime/CustomMeshComponent/Binaries/Win64/UE4Editor-CustomMeshComponent.dll (API version 3709383).
LogModuleManager: Display: Found up-to-date module file ../../../Engine/Plugins/Runtime/ExampleDeviceProfileSelector/Binaries/Win64/UE4Editor-ExampleDeviceProfileSelector.dll (API version 3709383).
LogModuleManager: Display: Found up-to-date module file ../../../Engine/Plugins/Runtime/ImmediatePhysics/Binaries/Win64/UE4Editor-ImmediatePhysics.dll (API version 3709383).
LogModuleManager: Display: Found up-to-date module file ../../../Engine/Plugins/Runtime/ImmediatePhysics/Binaries/Win64/UE4Editor-ImmediatePhysicsEditor.dll (API version 3709383).
LogModuleManager: Display: Found up-to-date module file ../../../Engine/Plugins/Runtime/LocationServicesBPLibrary/Binaries/Win64/UE4Editor-LocationServicesBPLibrary.dll (API version 3709383).
LogModuleManager: Display: Found up-to-date module file ../../../Engine/Plugins/Runtime/MobilePatchingUtils/Binaries/Win64/UE4Editor-MobilePatchingUtils.dll (API version 3709383).
LogModuleManager: Display: Found up-to-date module file ../../../Engine/Plugins/Runtime/Oculus/OculusVR/Binaries/Win64/UE4Editor-OculusHMD.dll (API version 3709383).
LogModuleManager: Display: Found up-to-date module file ../../../Engine/Plugins/Runtime/Oculus/OculusVR/Binaries/Win64/UE4Editor-OculusInput.dll (API version 3709383).
LogModuleManager: Display: Found up-to-date module file ../../../Engine/Plugins/Runtime/Oculus/OculusVR/Binaries/Win64/UE4Editor-OculusEditor.dll (API version 3709383).
LogModuleManager: Display: Found up-to-date module file ../../../Engine/Plugins/Runtime/PhysXVehicles/Binaries/Win64/UE4Editor-PhysXVehicles.dll (API version 3709383).
LogModuleManager: Display: Found up-to-date module file ../../../Engine/Plugins/Runtime/PhysXVehicles/Binaries/Win64/UE4Editor-PhysXVehiclesEditor.dll (API version 3709383).
LogModuleManager: Display: Found up-to-date module file ../../../Engine/Plugins/Runtime/ProceduralMeshComponent/Binaries/Win64/UE4Editor-ProceduralMeshComponent.dll (API version 3709383).
LogModuleManager: Display: Found up-to-date module file ../../../Engine/Plugins/Runtime/ProceduralMeshComponent/Binaries/Win64/UE4Editor-ProceduralMeshComponentEditor.dll (API version 3709383).
LogModuleManager: Display: Found up-to-date module file ../../../Engine/Plugins/Runtime/RuntimePhysXCooking/Binaries/Win64/UE4Editor-RuntimePhysXCooking.dll (API version 3709383).
LogModuleManager: Display: Found up-to-date module file ../../../Engine/Plugins/Runtime/Steam/SteamVR/Binaries/Win64/UE4Editor-SteamVR.dll (API version 3709383).
LogModuleManager: Display: Found up-to-date module file ../../../Engine/Plugins/Runtime/Steam/SteamVR/Binaries/Win64/UE4Editor-SteamVRController.dll (API version 3709383).
LogModuleManager: Display: Found up-to-date module file ../../../Engine/Plugins/Runtime/WindowsMoviePlayer/Binaries/Win64/UE4Editor-WindowsMoviePlayer.dll (API version 3709383).
LogPluginManager: Mounting plugin Paper2D
LogPluginManager: Mounting plugin LightPropagationVolume
LogPluginManager: Mounting plugin CodeLiteSourceCodeAccess
LogPluginManager: Mounting plugin GitSourceControl
LogPluginManager: Mounting plugin KDevelopSourceCodeAccess
LogPluginManager: Mounting plugin NullSourceCodeAccess
LogPluginManager: Mounting plugin PerforceSourceControl
LogPluginManager: Mounting plugin SubversionSourceControl
LogPluginManager: Mounting plugin UObjectPlugin
LogPluginManager: Mounting plugin VisualStudioCodeSourceCodeAccess
LogPluginManager: Mounting plugin VisualStudioSourceCodeAccess
LogPluginManager: Mounting plugin XCodeSourceCodeAccess
LogPluginManager: Mounting plugin AssetManagerEditor
LogPluginManager: Mounting plugin AudioCapture
LogPluginManager: Mounting plugin FacialAnimation
LogPluginManager: Mounting plugin GameplayTagsEditor
LogPluginManager: Mounting plugin MobileLauncherProfileWizard
LogPluginManager: Mounting plugin PluginBrowser
LogPluginManager: Mounting plugin SpeedTreeImporter
LogPluginManager: Mounting plugin AlembicImporter
LogPluginManager: Mounting plugin CharacterAI
LogPluginManager: Mounting plugin HTML5Networking
LogPluginManager: Mounting plugin AndroidMedia
LogPluginManager: Mounting plugin AvfMedia
LogPluginManager: Mounting plugin ImgMedia
LogPluginManager: Mounting plugin MediaCompositing
LogPluginManager: Mounting plugin MediaPlayerEditor
LogPluginManager: Mounting plugin WmfMedia
LogPluginManager: Mounting plugin TcpMessaging
LogPluginManager: Mounting plugin UdpMessaging
LogPluginManager: Mounting plugin ActorSequence
LogPluginManager: Mounting plugin LevelSequenceEditor
LogPluginManager: Mounting plugin MatineeToLevelSequence
LogPluginManager: Mounting plugin OnlineSubsystemGooglePlay
LogPluginManager: Mounting plugin OnlineSubsystemIOS
LogPluginManager: Mounting plugin OnlineSubsystem
LogPluginManager: Mounting plugin OnlineSubsystemNull
LogPluginManager: Mounting plugin OnlineSubsystemUtils
LogPluginManager: Mounting plugin AndroidDeviceProfileSelector
LogPluginManager: Mounting plugin AndroidMoviePlayer
LogPluginManager: Mounting plugin AndroidPermission
LogPluginManager: Mounting plugin AppleARKit
LogPluginManager: Mounting plugin AppleMoviePlayer
LogPluginManager: Mounting plugin ArchVisCharacter
LogPluginManager: Mounting plugin CableComponent
LogPluginManager: Mounting plugin CustomMeshComponent
LogPluginManager: Mounting plugin ExampleDeviceProfileSelector
LogPluginManager: Mounting plugin GoogleCloudMessaging
LogPluginManager: Mounting plugin ImmediatePhysics
LogPluginManager: Mounting plugin IOSDeviceProfileSelector
LogPluginManager: Mounting plugin LinuxDeviceProfileSelector
LogPluginManager: Mounting plugin LocationServicesBPLibrary
LogPluginManager: Mounting plugin MobilePatchingUtils
LogPluginManager: Mounting plugin OculusVR
LogPluginManager: Plugin shader directory ../../../Engine/Plugins/Runtime/Oculus/OculusVR/Shaders found
LogPluginManager: Mapping shader source directory ../../../Engine/Plugins/Runtime/Oculus/OculusVR/Shaders to virtual directory /Plugin/OculusVR
LogPluginManager: Mounting plugin PhysXVehicles
LogPluginManager: Mounting plugin ProceduralMeshComponent
LogPluginManager: Mounting plugin RuntimePhysXCooking
LogPluginManager: Mounting plugin SteamVR
LogPluginManager: Mounting plugin WindowsMoviePlayer
LogInit: Using libcurl 7.47.1
LogInit:  - built for x86_64-pc-win32
LogInit:  - supports SSL with OpenSSL/1.0.2g
LogInit:  - supports HTTP deflate (compression) using libz 1.2.8
LogInit:  - other features:
LogInit:      CURL_VERSION_SSL
LogInit:      CURL_VERSION_LIBZ
LogInit:      CURL_VERSION_IPV6
LogInit:      CURL_VERSION_ASYNCHDNS
LogInit:      CURL_VERSION_LARGEFILE
LogInit:      CURL_VERSION_IDN
LogInit:  CurlRequestOptions (configurable via config and command line):
LogInit:  - bVerifyPeer = false  - Libcurl will NOT verify peer certificate
LogInit:  - bUseHttpProxy = false  - Libcurl will NOT use HTTP proxy
LogInit:  - bDontReuseConnections = false  - Libcurl will reuse connections
LogInit:  - CertBundlePath = nullptr  - Libcurl will use whatever was configured at build time.
LogInit: Build: ++UE4+Release-4.18-CL-3832480
LogInit: Engine Version: 4.18.3-3832480+++UE4+Release-4.18
LogInit: Compatible Engine Version: 4.18.0-3709383+++UE4+Release-4.18
LogInit: Net CL: 3709383
LogDevObjectVersion: Number of dev versions registered: 16
LogDevObjectVersion:   Dev-Blueprints (B0D832E4-1F89-4F0D-ACCF-7EB736FD4AA2): 10
LogDevObjectVersion:   Dev-Build (E1C64328-A22C-4D53-A36C-8E866417BD8C): 0
LogDevObjectVersion:   Dev-Core (375EC13C-06E4-48FB-B500-84F0262A717E): 2
LogDevObjectVersion:   Dev-Editor (E4B068ED-F494-42E9-A231-DA0B2E46BB41): 20
LogDevObjectVersion:   Dev-Framework (CFFC743F-43B0-4480-9391-14DF171D2073): 30
LogDevObjectVersion:   Dev-Mobile (B02B49B5-BB20-44E9-A304-32B752E40360): 0
LogDevObjectVersion:   Dev-Networking (A4E4105C-59A1-49B5-A7C5-40C4547EDFEE): 0
LogDevObjectVersion:   Dev-Online (39C831C9-5AE6-47DC-9A44-9C173E1C8E7C): 0
LogDevObjectVersion:   Dev-Physics (78F01B33-EBEA-4F98-B9B4-84EACCB95AA2): 0
LogDevObjectVersion:   Dev-Platform (6631380F-2D4D-43E0-8009-CF276956A95A): 0
LogDevObjectVersion:   Dev-Rendering (12F88B9F-8875-4AFC-A67C-D90C383ABD29): 20
LogDevObjectVersion:   Dev-Sequencer (7B5AE74C-D270-4C10-A958-57980B212A5A): 4
LogDevObjectVersion:   Dev-VR (D7296918-1DD6-4BDD-9DE2-64A83CC13884): 0
LogDevObjectVersion:   Dev-LoadTimes (C2A15278-BFE7-4AFE-6C17-90FF531DF755): 1
LogDevObjectVersion:   Private-Geometry (6EACA3D4-40EC-4CC1-B786-8BED09428FC5): 1
LogDevObjectVersion:   Dev-AnimPhys (29E575DD-E0A3-4627-9D10-D276232CDCEA): 12
LogInit: Compiled (64-bit): Jan 12 2018 02:04:55
LogInit: Compiled with Visual C++: 19.00.24215.01
LogInit: Build Configuration: Development
LogInit: Branch Name: ++UE4+Release-4.18
LogInit: Command line:  
LogInit: Base directory: D:/EpicGames/UE_4.18/Engine/Binaries/Win64/
LogInit: Installed Engine Build: 1
LogInit: Presizing for max 8388607 objects, including 0 objects not considered by GC, pre-allocating 0 bytes for permanent pool.
LogInit: Object subsystem initialized
[2018.03.16-21.14.09:502][  0]LogInit: Selected Device Profile: [Windows]
[2018.03.16-21.14.09:502][  0]LogInit: Applying CVar settings loaded from the selected device profile: [Windows]
[2018.03.16-21.14.09:511][  0]LogInit: Computer: WINDOWS-EUOFFC3
[2018.03.16-21.14.09:511][  0]LogInit: User: Bendick
[2018.03.16-21.14.09:511][  0]LogInit: CPU Page size=4096, Cores=4
[2018.03.16-21.14.09:511][  0]LogInit: High frequency timer resolution =3.914062 MHz
[2018.03.16-21.14.09:512][  0]LogMemory: Memory total: Physical=15.9GB (16GB approx)
[2018.03.16-21.14.09:512][  0]LogMemory: Platform Memory Stats for Windows
[2018.03.16-21.14.09:512][  0]LogMemory: Process Physical Memory: 273.80 MB used, 273.80 MB peak
[2018.03.16-21.14.09:512][  0]LogMemory: Process Virtual Memory: 270.13 MB used, 270.13 MB peak
[2018.03.16-21.14.09:512][  0]LogMemory: Physical Memory: 7411.02 MB used,  8911.96 MB free, 16322.98 MB total
[2018.03.16-21.14.09:512][  0]LogMemory: Virtual Memory: 677.71 MB used,  8911.96 MB free, 134217728.00 MB total
[2018.03.16-21.14.09:593][  0]LogInit: Using OS detected language (en-US).
[2018.03.16-21.14.09:594][  0]LogInit: Using OS detected locale (en-GB).
[2018.03.16-21.14.09:597][  0]LogTextLocalizationManager: No specific localization for 'en-US' exists, so the 'en' localization will be used.
[2018.03.16-21.14.09:909][  0]LogInit: Setting process to per monitor DPI aware
[2018.03.16-21.14.10:171][  0]LogD3D11RHI: D3D11 adapters:
[2018.03.16-21.14.10:205][  0]LogD3D11RHI:    0. 'NVIDIA GeForce GTX 1070' (Feature Level 11_0)
[2018.03.16-21.14.10:205][  0]LogD3D11RHI:       8096/0/8161 MB DedicatedVideo/DedicatedSystem/SharedSystem, Outputs:2, VendorId:0x10de
[2018.03.16-21.14.10:207][  0]LogD3D11RHI:    1. 'Microsoft Basic Render Driver' (Feature Level 11_0)
[2018.03.16-21.14.10:207][  0]LogD3D11RHI:       0/0/8161 MB DedicatedVideo/DedicatedSystem/SharedSystem, Outputs:0, VendorId:0x1414
[2018.03.16-21.14.10:207][  0]LogD3D11RHI: Chosen D3D11 Adapter: 0
[2018.03.16-21.14.10:212][  0]LogD3D11RHI: Creating new Direct3DDevice
[2018.03.16-21.14.10:212][  0]LogD3D11RHI:     GPU DeviceId: 0x1b81 (for the marketing name, search the web for "GPU Device Id")
[2018.03.16-21.14.10:212][  0]LogWindows: EnumDisplayDevices:
[2018.03.16-21.14.10:212][  0]LogWindows:    0. 'NVIDIA GeForce GTX 1070' (P:1 D:1)
[2018.03.16-21.14.10:212][  0]LogWindows:    1. 'NVIDIA GeForce GTX 1070' (P:0 D:1)
[2018.03.16-21.14.10:213][  0]LogWindows:    2. 'NVIDIA GeForce GTX 1070' (P:0 D:0)
[2018.03.16-21.14.10:213][  0]LogWindows:    3. 'NVIDIA GeForce GTX 1070' (P:0 D:0)
[2018.03.16-21.14.10:213][  0]LogWindows: DebugString: GetVideoDriverDetailsInvalid PrimaryIsNotTheChoosenAdapter GetVideoDriverDetailsInvalid PrimaryIsNotTheChoosenAdapter GetVideoDriverDetailsInvalid PrimaryIsNotTheChoosenAdapter GetVideoDriverDetailsInvalid PrimaryIsNotTheChoosenAdapter FoundDriverCount:0 
[2018.03.16-21.14.10:213][  0]LogD3D11RHI:     Adapter Name: NVIDIA GeForce GTX 1070
[2018.03.16-21.14.10:213][  0]LogD3D11RHI:   Driver Version: Unknown (internal:Unknown, unified:Unknown)
[2018.03.16-21.14.10:213][  0]LogD3D11RHI:      Driver Date: Unknown
[2018.03.16-21.14.10:213][  0]LogRHI: Texture pool is 5667 MB (70% of 8096 MB)
[2018.03.16-21.14.10:234][  0]LogD3D11RHI: Async texture creation enabled
[2018.03.16-21.14.10:243][  0]LogD3D11RHI: GPU Timing Frequency: 1000.000000 (Debug: 2 1)
[2018.03.16-21.14.10:334][  0]LogShaderCompilers: Guid format shader working directory is -5 characters bigger than the processId version (C:/Users/Bendick/Documents/GitHub/GameJam01/GameJam01/Intermediate/Shaders/WorkingDirectory/5332/).
[2018.03.16-21.14.10:334][  0]LogShaderCompilers: Cleaned the shader compiler working directory 'C:/Users/Bendick/AppData/Local/Temp/UnrealShaderWorkingDir/01594CE44D5AB95315B66DB9B1DBCD2C/'.
[2018.03.16-21.14.10:334][  0]LogShaderCompilers: Display: Using Local Shader Compiler.
[2018.03.16-21.14.11:058][  0]LogTemp: Display: Loaded TP AllDesktopTargetPlatform
[2018.03.16-21.14.11:101][  0]LogTemp: Display: Loaded TP MacClientTargetPlatform
[2018.03.16-21.14.11:137][  0]LogTemp: Display: Loaded TP MacNoEditorTargetPlatform
[2018.03.16-21.14.11:174][  0]LogTemp: Display: Loaded TP MacServerTargetPlatform
[2018.03.16-21.14.11:209][  0]LogTemp: Display: Loaded TP MacTargetPlatform
[2018.03.16-21.14.11:246][  0]LogTemp: Display: Loaded TP WindowsClientTargetPlatform
[2018.03.16-21.14.11:282][  0]LogTemp: Display: Loaded TP WindowsNoEditorTargetPlatform
[2018.03.16-21.14.11:317][  0]LogTemp: Display: Loaded TP WindowsServerTargetPlatform
[2018.03.16-21.14.11:347][  0]LogTemp: Display: Loaded TP WindowsTargetPlatform
[2018.03.16-21.14.11:379][  0]LogTemp: Display: Loaded TP Android_ASTCTargetPlatform
[2018.03.16-21.14.11:414][  0]LogTemp: Display: Loaded TP Android_ATCTargetPlatform
[2018.03.16-21.14.11:448][  0]LogTemp: Display: Loaded TP Android_DXTTargetPlatform
[2018.03.16-21.14.11:484][  0]LogTemp: Display: Loaded TP Android_ETC1TargetPlatform
[2018.03.16-21.14.11:517][  0]LogTemp: Display: Loaded TP Android_ETC2TargetPlatform
[2018.03.16-21.14.11:585][  0]LogTemp: Display: Loaded TP Android_MultiTargetPlatform
[2018.03.16-21.14.11:585][  0]LogTemp: Display: Loaded TP Android_PVRTCTargetPlatform
[2018.03.16-21.14.11:621][  0]LogTemp: Display: Loaded TP AndroidTargetPlatform
[2018.03.16-21.14.11:645][  0]LogTemp: Display: Loaded TP HTML5TargetPlatform
[2018.03.16-21.14.11:709][  0]LogTemp: Display: Loaded TP IOSTargetPlatform
[2018.03.16-21.14.11:726][  0]LogTemp: Display: Loaded TP TVOSTargetPlatform
[2018.03.16-21.14.11:758][  0]LogTemp: Display: Loaded TP LinuxClientTargetPlatform
[2018.03.16-21.14.11:792][  0]LogTemp: Display: Loaded TP LinuxNoEditorTargetPlatform
[2018.03.16-21.14.11:825][  0]LogTemp: Display: Loaded TP LinuxServerTargetPlatform
[2018.03.16-21.14.11:860][  0]LogTemp: Display: Loaded TP LinuxTargetPlatform
[2018.03.16-21.14.11:860][  0]LogTargetPlatformManager: Display: Building Assets For Windows
[2018.03.16-21.14.12:126][  0]LogDerivedDataCache: Display: Max Cache Size: 512 MB
[2018.03.16-21.14.12:176][  0]LogDerivedDataCache: Loaded boot cache 0.05s 78MB C:/Users/Bendick/AppData/Local/UnrealEngine/4.18/DerivedDataCache/Boot.ddc.
[2018.03.16-21.14.12:176][  0]LogDerivedDataCache: Display: Loaded Boot cache: C:/Users/Bendick/AppData/Local/UnrealEngine/4.18/DerivedDataCache/Boot.ddc
[2018.03.16-21.14.12:176][  0]LogDerivedDataCache: FDerivedDataBackendGraph:  Pak pak cache file C:/Users/Bendick/Documents/GitHub/GameJam01/GameJam01/DerivedDataCache/DDC.ddp not found, will not use a pak cache.
[2018.03.16-21.14.12:176][  0]LogDerivedDataCache: Unable to find inner node Pak for hierarchical cache Hierarchy.
[2018.03.16-21.14.12:177][  0]LogDerivedDataCache: FDerivedDataBackendGraph:  CompressedPak pak cache file C:/Users/Bendick/Documents/GitHub/GameJam01/GameJam01/DerivedDataCache/Compressed.ddp not found, will not use a pak cache.
[2018.03.16-21.14.12:177][  0]LogDerivedDataCache: Unable to find inner node CompressedPak for hierarchical cache Hierarchy.
[2018.03.16-21.14.12:188][  0]LogDerivedDataCache: Display: Pak cache opened for reading ../../../Engine/DerivedDataCache/Compressed.ddp.
[2018.03.16-21.14.12:200][  0]LogDerivedDataCache: Using Local data cache path C:/Users/Bendick/AppData/Local/UnrealEngine/Common/DerivedDataCache: Writable
[2018.03.16-21.14.12:207][  0]LogMaterial: Verifying Global Shaders for PCD3D_SM5
[2018.03.16-21.14.12:207][  0]LogSlate: Using Freetype 2.6.0
[2018.03.16-21.14.12:208][  0]LogSlate: SlateFontCache - WITH_FREETYPE: 1, WITH_HARFBUZZ: 1
[2018.03.16-21.14.12:208][  0]LogSlate: SlateFontCache - WITH_FREETYPE: 1, WITH_HARFBUZZ: 1
[2018.03.16-21.14.12:477][  0]LogInit: Selected Device Profile: [Windows]
[2018.03.16-21.14.12:691][  0]LogSimplygon: Simplygon DLL not present - disabling.
[2018.03.16-21.14.12:716][  0]LogMeshReduction: Using SimplygonSwarm for distributed automatic mesh merging
[2018.03.16-21.14.12:716][  0]LogMeshReduction: Using QuadricMeshReduction for automatic static mesh reduction
[2018.03.16-21.14.12:716][  0]LogMeshReduction: No automatic skeletal mesh reduction module available
[2018.03.16-21.14.12:716][  0]LogMeshReduction: No automatic mesh merging module available
[2018.03.16-21.14.12:716][  0]LogMeshMerging: No automatic mesh merging module available
[2018.03.16-21.14.12:742][  0]LogNetVersion: GameJam01 , NetCL: 3709383, EngineNetVer: 2, GameNetVer: 0 (Checksum: 1769357321)
[2018.03.16-21.14.12:859][  0]LogAssetRegistry: FAssetRegistry took 0.0239 seconds to start up
[2018.03.16-21.14.13:193][  0]LogPackageLocalizationCache: Processed 7 localized package path(s) for 2 prioritized culture(s) in 0.042355 seconds
[2018.03.16-21.14.13:197][  0]LogUObjectArray: 35870 objects as part of root set at end of initial load.
[2018.03.16-21.14.13:197][  0]LogUObjectAllocator: 7363696 out of 0 bytes used by permanent object pool.
[2018.03.16-21.14.13:197][  0]LogUObjectArray: CloseDisregardForGC: 0/0 objects in disregard for GC pool
[2018.03.16-21.14.13:224][  0]LogInit: WinSock: version 1.1 (2.2), MaxSocks=32767, MaxUdp=65467
[2018.03.16-21.14.15:118][  0]LogTcpMessaging: Initializing TcpMessaging bridge
[2018.03.16-21.14.15:151][  0]LogUdpMessaging: Initializing bridge on interface 0.0.0.0:0 to multicast group 230.0.0.1:6666.
[2018.03.16-21.14.15:636][  0]LogMaterial: Uniform references updated for custom material expression Custom.
[2018.03.16-21.14.15:928][  0]SourceControl: Source control is disabled
[2018.03.16-21.14.15:928][  0]SourceControl: Source control is disabled
[2018.03.16-21.14.15:967][  0]SourceControl: Source control is disabled
[2018.03.16-21.14.16:003][  0]SourceControl: Source control is disabled
[2018.03.16-21.14.16:568][  0]LogAndroidPermission: UAndroidPermissionCallbackProxy::GetInstance
[2018.03.16-21.14.16:755][  0]LogOcInput: OculusInput pre-init called
[2018.03.16-21.14.16:951][  0]LogEngine: Initializing Engine...
[2018.03.16-21.14.16:953][  0]LogHMD: Failed to initialize OpenVR with code 110
[2018.03.16-21.14.17:102][  0]LogStats: UGameplayTagsManager::ConstructGameplayTagTree: Construct from data asset -  0.000 s
[2018.03.16-21.14.17:102][  0]LogStats: UGameplayTagsManager::ConstructGameplayTagTree: GameplayTagTreeChangedEvent.Broadcast -  0.000 s
[2018.03.16-21.14.17:189][  0]LogAIModule: Creating AISystem for world Untitled
[2018.03.16-21.14.17:195][  0]LogInit: XAudio2 using 'Speakers (Logitech G933 Gaming Headset)' : 6 channels at 48 kHz using 16 bits per sample (channel mask 0x3f)
[2018.03.16-21.14.17:210][  0]LogInit: FAudioDevice initialized.
[2018.03.16-21.14.17:405][  0]LogDerivedDataCache: Saved boot cache 0.19s 78MB C:/Users/Bendick/AppData/Local/UnrealEngine/4.18/DerivedDataCache/Boot.ddc.
[2018.03.16-21.14.17:416][  0]LogInit: Texture streaming: Enabled
[2018.03.16-21.14.17:466][  0]LogEngineSessionManager: EngineSessionManager initialized
[2018.03.16-21.14.17:544][  0]LogInit: Transaction tracking system initialized
[2018.03.16-21.14.17:739][  0]BlueprintLog: New page: Editor Load
[2018.03.16-21.14.18:273][  0]LocalizationService: Localization service is disabled
[2018.03.16-21.14.18:729][  0]LogConsoleResponse: Display: 
[2018.03.16-21.14.18:848][  0]LogCook: Display: Max memory allowance for cook 16384mb min free memory 0mb
[2018.03.16-21.14.18:848][  0]LogCook: Display: Mobile HDR setting 1
[2018.03.16-21.14.18:848][  0]LogGameplayTags: Display: UGameplayTagsManager::DoneAddingNativeTags. DelegateIsBound: 0
[2018.03.16-21.14.19:237][  0]LogFileCache: Scanning file cache for directory 'C:/Users/Bendick/Documents/GitHub/GameJam01/GameJam01/Content/' took 0.01s
[2018.03.16-21.14.19:689][  0]SourceControl: Source control is disabled
[2018.03.16-21.14.19:689][  0]Cmd: MAP LOAD FILE="C:/Users/Bendick/Documents/GitHub/GameJam01/GameJam01/Content/Maps/Level01.umap" TEMPLATE=0 SHOWPROGRESS=1 FEATURELEVEL=3
[2018.03.16-21.14.19:689][  0]LightingResults: New page: Lighting Build
[2018.03.16-21.14.19:713][  0]MapCheck: New page: Map Check
[2018.03.16-21.14.19:713][  0]LightingResults: New page: Lighting Build
[2018.03.16-21.14.20:037][  0]LogAIModule: Creating AISystem for world Level01
[2018.03.16-21.14.20:046][  0]LogEditorServer: Finished looking for orphan Actors (0.000 secs)
[2018.03.16-21.14.20:055][  0]Cmd: MAP CHECKDEP NOCLEARLOG
[2018.03.16-21.14.20:100][  0]MapCheck: Map check complete: 0 Error(s), 0 Warning(s), took 44.556ms to complete.
[2018.03.16-21.14.20:100][  0]LogFileHelpers: Loading map 'Level01' took 0.411
[2018.03.16-21.14.20:215][  0]LogCollectionManager: Loaded 0 collections in 0.000621 seconds
[2018.03.16-21.14.20:281][  0]LogFileCache: Scanning file cache for directory 'C:/Users/Bendick/Documents/GitHub/GameJam01/GameJam01/Saved/Collections/' took 0.01s
[2018.03.16-21.14.20:281][  0]LogFileCache: Scanning file cache for directory 'C:/Users/Bendick/Documents/GitHub/GameJam01/GameJam01/Content/Developers/Bendick/Collections/' took 0.01s
[2018.03.16-21.14.20:281][  0]LogFileCache: Scanning file cache for directory 'C:/Users/Bendick/Documents/GitHub/GameJam01/GameJam01/Content/Collections/' took 0.01s
[2018.03.16-21.14.20:281][  0]LogCollectionManager: Rebuilt the GUID cache for 0 collections in 0.000000 seconds
[2018.03.16-21.14.20:287][  0]LogContentBrowser: Native class hierarchy populated in 0.0056 seconds. Added 2363 classes and 519 folders.
[2018.03.16-21.14.20:325][  0]LogContentBrowser: Native class hierarchy updated for 'WidgetCarousel' in 0.0002 seconds. Added 0 classes and 0 folders.
[2018.03.16-21.14.20:360][  0]LogContentBrowser: Native class hierarchy updated for 'AddContentDialog' in 0.0002 seconds. Added 0 classes and 0 folders.
[2018.03.16-21.14.20:388][  0]LogContentBrowser: Native class hierarchy updated for 'SceneOutliner' in 0.0003 seconds. Added 1 classes and 2 folders.
[2018.03.16-21.14.20:436][  0]LogSlate: Took 0.000289 seconds to synchronously load lazily loaded font '../../../Engine/Content/Slate/Fonts/Roboto-Regular.ttf' (155K)
[2018.03.16-21.14.20:438][  0]LogSlate: Took 0.000188 seconds to synchronously load lazily loaded font '../../../Engine/Content/Slate/Fonts/Roboto-Bold.ttf' (160K)
[2018.03.16-21.14.20:441][  0]LogSlate: Took 0.000156 seconds to synchronously load lazily loaded font '../../../Engine/Content/Editor/Slate/Fonts/FontAwesome.ttf' (139K)
[2018.03.16-21.14.20:511][  0]LogRenderer: Reallocating scene render targets to support 1276x660 Format 10 NumSamples 1 (Frame:1).
[2018.03.16-21.14.20:636][  0]LogContentBrowser: Native class hierarchy updated for 'HierarchicalLODOutliner' in 0.0002 seconds. Added 1 classes and 2 folders.
[2018.03.16-21.14.20:636][  0]LogLoad: (Engine Initialization) Total time: 12.95 seconds
[2018.03.16-21.14.20:636][  0]LogLoad: (Engine Initialization) Total Blueprint compile time: 0.00 seconds
[2018.03.16-21.14.20:636][  0]LogExternalProfiler: Found external profiler: VSPerf
[2018.03.16-21.14.20:636][  0]LogExternalProfiler: Using external profiler: VSPerf
[2018.03.16-21.14.20:987][  0]LogAssetRegistry: Asset discovery search completed in 8.1489 seconds
[2018.03.16-21.14.20:988][  0]LogCollectionManager: Rebuilt the object cache for 0 collections in 0.000000 seconds (found 0 objects)
[2018.03.16-21.14.20:988][  0]LogCollectionManager: Fixed up redirectors for 0 collections in 0.000031 seconds (updated 0 objects)
[2018.03.16-21.14.20:990][  0]LogContentStreaming: Texture pool size now 1000 MB
[2018.03.16-21.14.21:056][  0]LogRenderer: Reallocating scene render targets to support 1276x676 Format 10 NumSamples 1 (Frame:3).
[2018.03.16-21.14.21:056][  0]LogSlate: Took 0.000237 seconds to synchronously load lazily loaded font '../../../Engine/Content/Slate/Fonts/Roboto-Light.ttf' (159K)
[2018.03.16-21.14.21:976][  3]LogSlate: Took 0.000259 seconds to synchronously load lazily loaded font '../../../Engine/Content/Slate/Fonts/Roboto-Light.ttf' (159K)
[2018.03.16-21.14.31:177][ 54]LogEditorViewport: Clicking on Actor (LMB): StaticMeshActor (Floor)
[2018.03.16-21.14.32:243][175]LogSlate: Took 0.000154 seconds to synchronously load lazily loaded font '../../../Engine/Content/Slate/Fonts/Roboto-Light.ttf' (159K)
[2018.03.16-21.14.32:251][175]Cmd: OBJ SAVEPACKAGE PACKAGE="/Game/Maps/Level01" FILE="C:/Users/Bendick/Documents/GitHub/GameJam01/GameJam01/Content/Maps/Level01.umap" SILENT=true AUTOSAVING=false KEEPDIRTY=false
[2018.03.16-21.14.32:315][175]LogSavePackage: Save=39.98ms
[2018.03.16-21.14.32:316][175]LogSavePackage: Moving 'C:/Users/Bendick/Documents/GitHub/GameJam01/GameJam01/Saved/Level01CA971E85403DECED7A8E27A8DDF3519A.tmp' to 'C:/Users/Bendick/Documents/GitHub/GameJam01/GameJam01/Content/Maps/Level01.umap'
[2018.03.16-21.14.32:317][175]LogSavePackage: Display: Finished SavePackage C:/Users/Bendick/Documents/GitHub/GameJam01/GameJam01/Content/Maps/Level01.umap
[2018.03.16-21.14.45:009][657]Cmd: TRANSACTION UNDO
[2018.03.16-21.14.45:009][657]LogEditorTransaction: Undo Move Actors
[2018.03.16-21.14.45:491][706]LogEditorViewport: Clicking on Actor (LMB): StaticMeshActor (Floor)
[2018.03.16-21.14.46:185][779]LogEditorViewport: Clicking on Actor (LMB): BP_Master_Possessable_pawn_C (Possessable_pawn)
[2018.03.16-21.14.48:837][ 83]LogEditorViewport: Clicking on Actor (LMB): StaticMeshActor (Floor)
[2018.03.16-21.14.53:237][506]LogSlate: Only BGRA pngs, bmps or icos are supported in by External Image Picker
[2018.03.16-21.14.53:269][506]LogTemp: Executing iPhonePackager certificates Engine -bundlename com.YourCompany.GameJam01
[2018.03.16-21.14.53:269][506]LogTemp: CWD: D:\EpicGames\UE_4.18\Engine\Binaries\DotNET\IOS
[2018.03.16-21.14.53:269][506]LogTemp: Initial Dir: D:\EpicGames\UE_4.18
[2018.03.16-21.14.53:269][506]LogTemp: Env CWD: D:\EpicGames\UE_4.18\Engine\Binaries\DotNET\IOS
[2018.03.16-21.14.53:272][506]LogTemp: BranchPath = WINDOWS-EUOFFC3/D/EpicGames/UE_4.18/Engine/Binaries --- GameBranchPath = WINDOWS-EUOFFC3/D/EpicGames/UE_4.18/Engine/Binaries
[2018.03.16-21.14.53:290][507]LogTemp: IPP ERROR: Could not find provision directory 'C:\Users\Bendick\AppData\Local/Apple Computer/MobileDevice/Provisioning Profiles/'.
[2018.03.16-21.15.11:510][670]LogEditorViewport: Clicking on Actor (LMB): StaticMeshActor (Floor)
[2018.03.16-21.15.14:389][  4]LogTemp: Repeating last play command: Selected Viewport
[2018.03.16-21.15.14:413][  4]LogPlayLevel: PlayLevel: No blueprints needed recompiling
[2018.03.16-21.15.14:413][  4]PIE: New page: PIE session: Level01 (16 Mar 2018 23:15:14)
[2018.03.16-21.15.14:413][  4]LogPlayLevel: Creating play world package: /Game/Maps/UEDPIE_0_Level01
[2018.03.16-21.15.14:418][  4]LogPlayLevel: PIE: StaticDuplicateObject took: (0.004154s)
[2018.03.16-21.15.14:418][  4]LogAIModule: Creating AISystem for world Level01
[2018.03.16-21.15.14:418][  4]LogPlayLevel: PIE: World Init took: (0.000438s)
[2018.03.16-21.15.14:418][  4]LogPlayLevel: PIE: Created PIE world by copying editor world from /Game/Maps/Level01.Level01 to /Game/Maps/UEDPIE_0_Level01.Level01 (0.004771s)
[2018.03.16-21.15.14:427][  4]LogInit: XAudio2 using 'Speakers (Logitech G933 Gaming Headset)' : 6 channels at 48 kHz using 16 bits per sample (channel mask 0x3f)
[2018.03.16-21.15.14:438][  4]LogInit: FAudioDevice initialized.
[2018.03.16-21.15.14:476][  4]LogLoad: Game class is 'ThirdPersonGameMode_C'
[2018.03.16-21.15.14:477][  4]LogWorld: Bringing World /Game/Maps/UEDPIE_0_Level01.Level01 up for play (max tick rate 0) at 2018.03.16-22.15.14
[2018.03.16-21.15.14:478][  4]LogWorld: Bringing up level for play took: 0.001105
[2018.03.16-21.15.14:503][  4]LogContentBrowser: Native class hierarchy updated for 'MovieSceneCapture' in 0.0002 seconds. Added 11 classes and 0 folders.
[2018.03.16-21.15.14:505][  4]PIE: Play in editor start time for /Game/Maps/UEDPIE_0_Level01 0.499
[2018.03.16-21.15.15:529][123]LogBlueprintUserMessages: [BP_ThirdPersonCharacter_C_0] Not a valid pawn to possess!
[2018.03.16-21.15.15:945][173]LogBlueprintUserMessages: [BP_ThirdPersonCharacter_C_0] Not a valid pawn to possess!
[2018.03.16-21.15.16:219][206]LogBlueprintUserMessages: [Possessable_pawn_334] PRESS 'E' TO POSSESS!
[2018.03.16-21.15.16:395][227]LogBlueprintUserMessages: [BP_ThirdPersonCharacter_C_0] Possessed a pawn! PRESS R TO RETURN TO GHOST!
[2018.03.16-21.15.45:179][681]LogBlueprintUserMessages: [BP_WeightDependant_Button_358] 50.0
[2018.03.16-21.15.49:788][234]LogBlueprintUserMessages: [BP_WeightDependant_Button_358] 50.0
[2018.03.16-21.15.51:555][446]LogBlueprintUserMessages: [Possessable_pawn_334] PRESS 'E' TO POSSESS!
[2018.03.16-21.15.53:630][695]LogBlueprintUserMessages: [Possessable_pawn4] PRESS 'E' TO POSSESS!
[2018.03.16-21.15.53:738][708]LogBlueprintUserMessages: [BP_ThirdPersonCharacter_C_0] Possessed a pawn! PRESS R TO RETURN TO GHOST!
[2018.03.16-21.15.56:722][ 66]LogBlueprintUserMessages: [BP_WeightDependant_Button_358] 50.0
[2018.03.16-21.15.56:722][ 66]LogBlueprintUserMessages: [BP_WeightDependant_Button_358] 100.0
[2018.03.16-21.15.56:722][ 66]LogBlueprintUserMessages: [BP_WeightDependant_Button_358] ButtonHasBeenPushed!
[2018.03.16-21.15.58:097][231]LogBlueprintUserMessages: [BP_WeightDependant_Button_358] 50.0
[2018.03.16-21.15.58:213][245]LogBlueprintUserMessages: [BP_WeightDependant_Button_358] 50.0
[2018.03.16-21.15.58:597][291]LogBlueprintUserMessages: [BP_WeightDependant_Button_358] 50.0
[2018.03.16-21.15.58:597][291]LogBlueprintUserMessages: [BP_WeightDependant_Button_358] 100.0
[2018.03.16-21.15.58:597][291]LogBlueprintUserMessages: [BP_WeightDependant_Button_358] ButtonHasBeenPushed!
[2018.03.16-21.16.00:872][564]LogBlueprintUserMessages: [Possessable_pawn4] PRESS 'E' TO POSSESS!
[2018.03.16-21.16.01:763][671]LogBlueprintUserMessages: [Possessable_pawn_334] PRESS 'E' TO POSSESS!
[2018.03.16-21.16.04:197][963]LogBlueprintUserMessages: [Possessable_pawn2_956] PRESS 'E' TO POSSESS!
[2018.03.16-21.16.04:256][970]LogBlueprintUserMessages: [BP_ThirdPersonCharacter_C_0] Possessed a pawn! PRESS R TO RETURN TO GHOST!
[2018.03.16-21.16.08:739][508]LogBlueprintUserMessages: [BP_WeightDependant_Button_358] 50.0
[2018.03.16-21.16.08:739][508]LogBlueprintUserMessages: [BP_WeightDependant_Button_358] 100.0
[2018.03.16-21.16.08:739][508]LogBlueprintUserMessages: [BP_WeightDependant_Button_358] 200.0
[2018.03.16-21.16.09:880][645]LogBlueprintUserMessages: [Possessable_pawn2_956] PRESS 'E' TO POSSESS!
[2018.03.16-21.16.30:432][292]LogBlueprintUserMessages: [Possessable_pawn2_956] PRESS 'E' TO POSSESS!
[2018.03.16-21.16.33:191][623]LogBlueprintUserMessages: [Possessable_pawn2_956] PRESS 'E' TO POSSESS!
[2018.03.16-21.16.33:366][644]LogBlueprintUserMessages: [Possessable_pawn_334] PRESS 'E' TO POSSESS!
[2018.03.16-21.16.34:116][734]LogBlueprintUserMessages: [Possessable_pawn_334] PRESS 'E' TO POSSESS!
[2018.03.16-21.16.34:749][810]LogBlueprintUserMessages: [Possessable_pawn_334] PRESS 'E' TO POSSESS!
[2018.03.16-21.16.36:341][  1]LogBlueprintUserMessages: [Possessable_pawn2_956] PRESS 'E' TO POSSESS!
[2018.03.16-21.16.39:408][369]LogBlueprintUserMessages: [Possessable_pawn_334] PRESS 'E' TO POSSESS!
[2018.03.16-21.16.45:658][119]LogBlueprintUserMessages: [Possessable_pawn2_956] PRESS 'E' TO POSSESS!
[2018.03.16-21.16.48:425][451]LogBlueprintUserMessages: [Possessable_pawn2_956] PRESS 'E' TO POSSESS!
[2018.03.16-21.16.48:891][507]LogBlueprintUserMessages: [Possessable_pawn4] PRESS 'E' TO POSSESS!
[2018.03.16-21.16.53:084][ 10]LogBlueprintUserMessages: [WinZone_190] YOPU HAVE WON!!!!!!!!!!!
[2018.03.16-21.16.57:117][494]LogBlueprintUserMessages: [Possessable_pawn3] PRESS 'E' TO POSSESS!
[2018.03.16-21.16.57:484][538]LogBlueprintUserMessages: [BP_ThirdPersonCharacter_C_0] Possessed a pawn! PRESS R TO RETURN TO GHOST!
[2018.03.16-21.17.02:626][155]LogBlueprintUserMessages: [WinZone_190] YOPU HAVE WON!!!!!!!!!!!
[2018.03.16-21.17.21:831][449]LogEditorViewport: Clicking on Actor (LMB): BP_Master_Possessable_pawn_C (Possessable_pawn2)
[2018.03.16-21.17.22:092][473]LogEditorViewport: Clicking on Actor (context menu): BP_Master_Possessable_pawn_C (Possessable_pawn2)
[2018.03.16-21.17.23:829][650]LogContentBrowser: Native class hierarchy updated for 'BlueprintGraph' in 0.0004 seconds. Added 116 classes and 0 folders.
[2018.03.16-21.17.24:293][650]LogSlate: Took 0.000200 seconds to synchronously load lazily loaded font '../../../Engine/Content/Editor/Slate/Fonts/Roboto-BoldCondensed.ttf' (158K)
[2018.03.16-21.17.24:525][651]LogSlate: Took 0.000197 seconds to synchronously load lazily loaded font '../../../Engine/Content/Editor/Slate/Fonts/Roboto-Italic.ttf' (157K)
[2018.03.16-21.18.53:548][154]BlueprintLog: New page: Compile BP_Master_Possessable_pawn
[2018.03.16-21.19.16:324][427]BlueprintLog: New page: Compile BP_Master_Possessable_pawn
[2018.03.16-21.19.19:838][723]LogTemp: Repeating last play command: Selected Viewport
[2018.03.16-21.19.19:868][723]LogPlayLevel: PlayLevel: No blueprints needed recompiling
[2018.03.16-21.19.19:868][723]PIE: New page: PIE session: Level01 (16 Mar 2018 23:19:19)
[2018.03.16-21.19.19:868][723]LogPlayLevel: Creating play world package: /Game/Maps/UEDPIE_0_Level01
[2018.03.16-21.19.19:872][723]LogPlayLevel: PIE: StaticDuplicateObject took: (0.004466s)
[2018.03.16-21.19.19:873][723]LogAIModule: Creating AISystem for world Level01
[2018.03.16-21.19.19:873][723]LogPlayLevel: PIE: World Init took: (0.000446s)
[2018.03.16-21.19.19:873][723]LogPlayLevel: PIE: Created PIE world by copying editor world from /Game/Maps/Level01.Level01 to /Game/Maps/UEDPIE_0_Level01.Level01 (0.005083s)
[2018.03.16-21.19.19:914][723]LogInit: XAudio2 using 'Speakers (Logitech G933 Gaming Headset)' : 6 channels at 48 kHz using 16 bits per sample (channel mask 0x3f)
[2018.03.16-21.19.19:925][723]LogInit: FAudioDevice initialized.
[2018.03.16-21.19.19:956][723]LogLoad: Game class is 'ThirdPersonGameMode_C'
[2018.03.16-21.19.19:958][723]LogWorld: Bringing World /Game/Maps/UEDPIE_0_Level01.Level01 up for play (max tick rate 0) at 2018.03.16-22.19.19
[2018.03.16-21.19.19:958][723]LogWorld: Bringing up level for play took: 0.001332
[2018.03.16-21.19.19:959][723]PIE: Play in editor start time for /Game/Maps/UEDPIE_0_Level01 -0.046
[2018.03.16-21.19.21:198][851]LogBlueprintUserMessages: [BP_ThirdPersonCharacter_C_0] Not a valid pawn to possess!
[2018.03.16-21.19.21:617][901]LogBlueprintUserMessages: [BP_ThirdPersonCharacter_C_0] Not a valid pawn to possess!
[2018.03.16-21.19.22:005][947]LogBlueprintUserMessages: [BP_ThirdPersonCharacter_C_0] Not a valid pawn to possess!
[2018.03.16-21.19.22:200][970]LogBlueprintUserMessages: [Possessable_pawn4] PRESS 'E' TO POSSESS!
[2018.03.16-21.19.22:319][984]LogBlueprintUserMessages: [BP_ThirdPersonCharacter_C_0] Possessed a pawn! PRESS R TO RETURN TO GHOST!
[2018.03.16-21.19.37:590][779]LogBlueprintUserMessages: [Possessable_pawn4] PRESS 'E' TO POSSESS!
[2018.03.16-21.19.38:250][857]LogBlueprintUserMessages: [Possessable_pawn4] PRESS 'E' TO POSSESS!
[2018.03.16-21.19.50:344][211]BlueprintLog: New page: Compile BP_Master_Possessable_pawn
[2018.03.16-21.19.51:009][217]LogSavePackage: Save=114.59ms
[2018.03.16-21.19.51:009][217]LogSavePackage: Moving 'C:/Users/Bendick/Documents/GitHub/GameJam01/GameJam01/Saved/BP_Master_Possessable_pawnE33F433F4D1995323614249536B16A79.tmp' to 'C:/Users/Bendick/Documents/GitHub/GameJam01/GameJam01/Content/Blueprints/Possessable_pawns/BP_Master_Possessable_pawn.uasset'
[2018.03.16-21.19.51:012][217]LogSavePackage: Display: Finished SavePackage C:/Users/Bendick/Documents/GitHub/GameJam01/GameJam01/Content/Blueprints/Possessable_pawns/BP_Master_Possessable_pawn.uasset
[2018.03.16-21.19.51:610][282]LogTemp: Repeating last play command: Selected Viewport
[2018.03.16-21.19.51:636][282]LogPlayLevel: PlayLevel: No blueprints needed recompiling
[2018.03.16-21.19.51:636][282]PIE: New page: PIE session: Level01 (16 Mar 2018 23:19:51)
[2018.03.16-21.19.51:636][282]LogPlayLevel: Creating play world package: /Game/Maps/UEDPIE_0_Level01
[2018.03.16-21.19.51:640][282]LogPlayLevel: PIE: StaticDuplicateObject took: (0.003878s)
[2018.03.16-21.19.51:640][282]LogAIModule: Creating AISystem for world Level01
[2018.03.16-21.19.51:640][282]LogPlayLevel: PIE: World Init took: (0.000460s)
[2018.03.16-21.19.51:640][282]LogPlayLevel: PIE: Created PIE world by copying editor world from /Game/Maps/Level01.Level01 to /Game/Maps/UEDPIE_0_Level01.Level01 (0.004566s)
[2018.03.16-21.19.51:655][282]LogInit: XAudio2 using 'Speakers (Logitech G933 Gaming Headset)' : 6 channels at 48 kHz using 16 bits per sample (channel mask 0x3f)
[2018.03.16-21.19.51:665][282]LogInit: FAudioDevice initialized.
[2018.03.16-21.19.51:698][282]LogLoad: Game class is 'ThirdPersonGameMode_C'
[2018.03.16-21.19.51:700][282]LogWorld: Bringing World /Game/Maps/UEDPIE_0_Level01.Level01 up for play (max tick rate 0) at 2018.03.16-22.19.51
[2018.03.16-21.19.51:700][282]LogWorld: Bringing up level for play took: 0.001123
[2018.03.16-21.19.51:701][282]PIE: Play in editor start time for /Game/Maps/UEDPIE_0_Level01 -0.304
[2018.03.16-21.19.53:712][506]LogBlueprintUserMessages: [BP_ThirdPersonCharacter_C_0] Not a valid pawn to possess!
[2018.03.16-21.19.53:938][533]LogBlueprintUserMessages: [Possessable_pawn4] PRESS 'E' TO POSSESS!
[2018.03.16-21.19.54:246][570]LogBlueprintUserMessages: [BP_ThirdPersonCharacter_C_0] Possessed a pawn! PRESS R TO RETURN TO GHOST!
[2018.03.16-21.20.11:211][545]BlueprintLog: New page: Compile BP_Master_Possessable_pawn
[2018.03.16-21.20.12:061][583]LogTemp: Repeating last play command: Selected Viewport
[2018.03.16-21.20.12:087][583]LogPlayLevel: PlayLevel: No blueprints needed recompiling
[2018.03.16-21.20.12:087][583]PIE: New page: PIE session: Level01 (16 Mar 2018 23:20:12)
[2018.03.16-21.20.12:087][583]LogPlayLevel: Creating play world package: /Game/Maps/UEDPIE_0_Level01
[2018.03.16-21.20.12:091][583]LogPlayLevel: PIE: StaticDuplicateObject took: (0.004055s)
[2018.03.16-21.20.12:092][583]LogAIModule: Creating AISystem for world Level01
[2018.03.16-21.20.12:092][583]LogPlayLevel: PIE: World Init took: (0.000437s)
[2018.03.16-21.20.12:092][583]LogPlayLevel: PIE: Created PIE world by copying editor world from /Game/Maps/Level01.Level01 to /Game/Maps/UEDPIE_0_Level01.Level01 (0.004667s)
[2018.03.16-21.20.12:105][583]LogInit: XAudio2 using 'Speakers (Logitech G933 Gaming Headset)' : 6 channels at 48 kHz using 16 bits per sample (channel mask 0x3f)
[2018.03.16-21.20.12:115][583]LogInit: FAudioDevice initialized.
[2018.03.16-21.20.12:147][583]LogLoad: Game class is 'ThirdPersonGameMode_C'
[2018.03.16-21.20.12:149][583]LogWorld: Bringing World /Game/Maps/UEDPIE_0_Level01.Level01 up for play (max tick rate 0) at 2018.03.16-22.20.12
[2018.03.16-21.20.12:149][583]LogWorld: Bringing up level for play took: 0.001205
[2018.03.16-21.20.12:150][583]PIE: Play in editor start time for /Game/Maps/UEDPIE_0_Level01 0.144
[2018.03.16-21.20.13:754][758]LogBlueprintUserMessages: [Possessable_pawn4] PRESS 'E' TO POSSESS!
[2018.03.16-21.20.13:904][776]LogBlueprintUserMessages: [BP_ThirdPersonCharacter_C_0] Possessed a pawn! PRESS R TO RETURN TO GHOST!
[2018.03.16-21.20.33:900][136]LogTemp: Repeating last play command: Selected Viewport
[2018.03.16-21.20.33:911][136]LogPlayLevel: PlayLevel: No blueprints needed recompiling
[2018.03.16-21.20.33:911][136]PIE: New page: PIE session: Level01 (16 Mar 2018 23:20:33)
[2018.03.16-21.20.33:911][136]LogPlayLevel: Creating play world package: /Game/Maps/UEDPIE_0_Level01
[2018.03.16-21.20.33:916][136]LogPlayLevel: PIE: StaticDuplicateObject took: (0.004276s)
[2018.03.16-21.20.33:916][136]LogAIModule: Creating AISystem for world Level01
[2018.03.16-21.20.33:916][136]LogPlayLevel: PIE: World Init took: (0.000646s)
[2018.03.16-21.20.33:916][136]LogPlayLevel: PIE: Created PIE world by copying editor world from /Game/Maps/Level01.Level01 to /Game/Maps/UEDPIE_0_Level01.Level01 (0.005122s)
[2018.03.16-21.20.33:931][136]LogInit: XAudio2 using 'Speakers (Logitech G933 Gaming Headset)' : 6 channels at 48 kHz using 16 bits per sample (channel mask 0x3f)
[2018.03.16-21.20.33:941][136]LogInit: FAudioDevice initialized.
[2018.03.16-21.20.33:968][136]LogLoad: Game class is 'ThirdPersonGameMode_C'
[2018.03.16-21.20.33:969][136]LogWorld: Bringing World /Game/Maps/UEDPIE_0_Level01.Level01 up for play (max tick rate 0) at 2018.03.16-22.20.33
[2018.03.16-21.20.33:970][136]LogWorld: Bringing up level for play took: 0.000959
[2018.03.16-21.20.33:971][136]PIE: Play in editor start time for /Game/Maps/UEDPIE_0_Level01 -0.035
[2018.03.16-21.20.35:391][302]LogBlueprintUserMessages: [BP_ThirdPersonCharacter_C_0] Not a valid pawn to possess!
[2018.03.16-21.20.35:800][351]LogBlueprintUserMessages: [Possessable_pawn_334] PRESS 'E' TO POSSESS!
[2018.03.16-21.20.35:933][367]LogBlueprintUserMessages: [BP_ThirdPersonCharacter_C_0] Possessed a pawn! PRESS R TO RETURN TO GHOST!
[2018.03.16-21.20.48:792][860]LogTemp: Repeating last play command: Selected Viewport
[2018.03.16-21.20.48:804][860]LogPlayLevel: PlayLevel: No blueprints needed recompiling
[2018.03.16-21.20.48:804][860]PIE: New page: PIE session: Level01 (16 Mar 2018 23:20:48)
[2018.03.16-21.20.48:804][860]LogPlayLevel: Creating play world package: /Game/Maps/UEDPIE_0_Level01
[2018.03.16-21.20.48:807][860]LogPlayLevel: PIE: StaticDuplicateObject took: (0.003789s)
[2018.03.16-21.20.48:808][860]LogAIModule: Creating AISystem for world Level01
[2018.03.16-21.20.48:808][860]LogPlayLevel: PIE: World Init took: (0.000506s)
[2018.03.16-21.20.48:808][860]LogPlayLevel: PIE: Created PIE world by copying editor world from /Game/Maps/Level01.Level01 to /Game/Maps/UEDPIE_0_Level01.Level01 (0.004488s)
[2018.03.16-21.20.48:821][860]LogInit: XAudio2 using 'Speakers (Logitech G933 Gaming Headset)' : 6 channels at 48 kHz using 16 bits per sample (channel mask 0x3f)
[2018.03.16-21.20.48:831][860]LogInit: FAudioDevice initialized.
[2018.03.16-21.20.48:859][860]LogLoad: Game class is 'ThirdPersonGameMode_C'
[2018.03.16-21.20.48:860][860]LogWorld: Bringing World /Game/Maps/UEDPIE_0_Level01.Level01 up for play (max tick rate 0) at 2018.03.16-22.20.48
[2018.03.16-21.20.48:860][860]LogWorld: Bringing up level for play took: 0.000933
[2018.03.16-21.20.48:862][860]PIE: Play in editor start time for /Game/Maps/UEDPIE_0_Level01 0.856
[2018.03.16-21.20.50:353][ 33]LogBlueprintUserMessages: [Possessable_pawn_334] PRESS 'E' TO POSSESS!
[2018.03.16-21.20.50:546][ 56]LogBlueprintUserMessages: [BP_ThirdPersonCharacter_C_0] Possessed a pawn! PRESS R TO RETURN TO GHOST!
[2018.03.16-21.20.57:701][894]LogBlueprintUserMessages: [Possessable_pawn_334] PRESS 'E' TO POSSESS!
[2018.03.16-21.20.58:206][952]LogBlueprintUserMessages: [Possessable_pawn_334] PRESS 'E' TO POSSESS!
[2018.03.16-21.21.04:363][654]LogTemp: Repeating last play command: Selected Viewport
[2018.03.16-21.21.04:374][654]LogPlayLevel: PlayLevel: No blueprints needed recompiling
[2018.03.16-21.21.04:374][654]PIE: New page: PIE session: Level01 (16 Mar 2018 23:21:04)
[2018.03.16-21.21.04:374][654]LogPlayLevel: Creating play world package: /Game/Maps/UEDPIE_0_Level01
[2018.03.16-21.21.04:379][654]LogPlayLevel: PIE: StaticDuplicateObject took: (0.004689s)
[2018.03.16-21.21.04:379][654]LogAIModule: Creating AISystem for world Level01
[2018.03.16-21.21.04:380][654]LogPlayLevel: PIE: World Init took: (0.000727s)
[2018.03.16-21.21.04:380][654]LogPlayLevel: PIE: Created PIE world by copying editor world from /Game/Maps/Level01.Level01 to /Game/Maps/UEDPIE_0_Level01.Level01 (0.005622s)
[2018.03.16-21.21.04:393][654]LogInit: XAudio2 using 'Speakers (Logitech G933 Gaming Headset)' : 6 channels at 48 kHz using 16 bits per sample (channel mask 0x3f)
[2018.03.16-21.21.04:403][654]LogInit: FAudioDevice initialized.
[2018.03.16-21.21.04:432][654]LogLoad: Game class is 'ThirdPersonGameMode_C'
[2018.03.16-21.21.04:434][654]LogWorld: Bringing World /Game/Maps/UEDPIE_0_Level01.Level01 up for play (max tick rate 0) at 2018.03.16-22.21.04
[2018.03.16-21.21.04:434][654]LogWorld: Bringing up level for play took: 0.001240
[2018.03.16-21.21.04:436][654]PIE: Play in editor start time for /Game/Maps/UEDPIE_0_Level01 0.43
[2018.03.16-21.21.06:363][880]LogBlueprintUserMessages: [BP_ThirdPersonCharacter_C_0] Not a valid pawn to possess!
[2018.03.16-21.21.06:965][952]LogBlueprintUserMessages: [Possessable_pawn4] PRESS 'E' TO POSSESS!
[2018.03.16-21.21.07:708][ 41]LogBlueprintUserMessages: [Possessable_pawn4] PRESS 'E' TO POSSESS!
[2018.03.16-21.21.07:893][ 63]LogBlueprintUserMessages: [Possessable_pawn4] PRESS 'E' TO POSSESS!
[2018.03.16-21.21.08:209][100]LogBlueprintUserMessages: [BP_ThirdPersonCharacter_C_0] Possessed a pawn! PRESS R TO RETURN TO GHOST!
[2018.03.16-21.21.28:935][569]LogBlueprintUserMessages: [BP_WeightDependant_Button_358] 50.0
[2018.03.16-21.21.30:952][808]LogBlueprintUserMessages: [BP_WeightDependant_Button_358] 50.0
[2018.03.16-21.21.37:341][568]LogBlueprintUserMessages: [WinZone_190] YOPU HAVE WON!!!!!!!!!!!
[2018.03.16-21.21.43:569][311]LogBlueprintUserMessages: [WinZone_190] YOPU HAVE WON!!!!!!!!!!!
[2018.03.16-21.21.46:718][687]LogBlueprintUserMessages: [WinZone_190] YOPU HAVE WON!!!!!!!!!!!
[2018.03.16-21.21.50:755][169]LogBlueprintUserMessages: [BP_WeightDependant_Button_358] 50.0
[2018.03.16-21.21.52:167][337]LogBlueprintUserMessages: [Possessable_pawn4] PRESS 'E' TO POSSESS!
[2018.03.16-21.22.51:682][448]LogBlueprintUserMessages: [BP_WeightDependant_Button_358] 50.0
[2018.03.16-21.22.52:839][586]LogBlueprintUserMessages: [Possessable_pawn4] PRESS 'E' TO POSSESS!
[2018.03.16-21.22.54:423][773]LogBlueprintUserMessages: [Possessable_pawn_334] PRESS 'E' TO POSSESS!
[2018.03.16-21.22.54:474][779]LogBlueprintUserMessages: [BP_ThirdPersonCharacter_C_0] Possessed a pawn! PRESS R TO RETURN TO GHOST!
[2018.03.16-21.23.02:477][730]LogBlueprintUserMessages: [BP_WeightDependant_Button_358] 50.0
[2018.03.16-21.23.02:477][730]LogBlueprintUserMessages: [BP_WeightDependant_Button_358] 100.0
[2018.03.16-21.23.02:477][730]LogBlueprintUserMessages: [BP_WeightDependant_Button_358] ButtonHasBeenPushed!
[2018.03.16-21.23.03:921][901]LogBlueprintUserMessages: [BP_WeightDependant_Button_358] 50.0
[2018.03.16-21.23.04:908][ 18]LogBlueprintUserMessages: [BP_WeightDependant_Button_358] 50.0
[2018.03.16-21.23.04:908][ 18]LogBlueprintUserMessages: [BP_WeightDependant_Button_358] 100.0
[2018.03.16-21.23.04:908][ 18]LogBlueprintUserMessages: [BP_WeightDependant_Button_358] ButtonHasBeenPushed!
[2018.03.16-21.23.13:526][ 46]LogBlueprintUserMessages: [Possessable_pawn_334] PRESS 'E' TO POSSESS!
[2018.03.16-21.23.15:187][240]LogBlueprintUserMessages: [Possessable_pawn_334] PRESS 'E' TO POSSESS!
[2018.03.16-21.23.15:901][325]LogBlueprintUserMessages: [Possessable_pawn_334] PRESS 'E' TO POSSESS!
[2018.03.16-21.23.20:037][813]LogBlueprintUserMessages: [BP_ThirdPersonCharacter_C_0] Not a valid pawn to possess!
[2018.03.16-21.23.20:045][814]LogBlueprintUserMessages: [Possessable_pawn2_956] PRESS 'E' TO POSSESS!
[2018.03.16-21.23.20:516][870]LogBlueprintUserMessages: [BP_ThirdPersonCharacter_C_0] Possessed a pawn! PRESS R TO RETURN TO GHOST!
[2018.03.16-21.23.31:621][188]LogBlueprintUserMessages: [BP_WeightDependant_Button_358] 50.0
[2018.03.16-21.23.31:621][188]LogBlueprintUserMessages: [BP_WeightDependant_Button_358] 100.0
[2018.03.16-21.23.31:621][188]LogBlueprintUserMessages: [BP_WeightDependant_Button_358] 200.0
[2018.03.16-21.23.32:518][295]LogBlueprintUserMessages: [BP_WeightDependant_Button_358] 50.0
[2018.03.16-21.23.32:518][295]LogBlueprintUserMessages: [BP_WeightDependant_Button_358] 100.0
[2018.03.16-21.23.32:744][322]LogBlueprintUserMessages: [BP_WeightDependant_Button_358] 50.0
[2018.03.16-21.23.32:744][322]LogBlueprintUserMessages: [BP_WeightDependant_Button_358] 100.0
[2018.03.16-21.23.32:744][322]LogBlueprintUserMessages: [BP_WeightDependant_Button_358] 200.0
[2018.03.16-21.23.32:827][332]LogBlueprintUserMessages: [BP_WeightDependant_Button_358] 50.0
[2018.03.16-21.23.32:827][332]LogBlueprintUserMessages: [BP_WeightDependant_Button_358] 100.0
[2018.03.16-21.23.33:554][419]LogBlueprintUserMessages: [BP_WeightDependant_Button_358] 50.0
[2018.03.16-21.23.33:554][419]LogBlueprintUserMessages: [BP_WeightDependant_Button_358] 100.0
[2018.03.16-21.23.33:554][419]LogBlueprintUserMessages: [BP_WeightDependant_Button_358] 200.0
[2018.03.16-21.23.38:646][ 25]LogBlueprintUserMessages: [Possessable_pawn2_956] PRESS 'E' TO POSSESS!
[2018.03.16-21.23.38:646][ 25]LogBlueprintUserMessages: [Possessable_pawn_334] PRESS 'E' TO POSSESS!
[2018.03.16-21.23.41:728][386]LogBlueprintUserMessages: [WinZone_190] YOPU HAVE WON!!!!!!!!!!!
[2018.03.16-21.23.45:759][864]LogBlueprintUserMessages: [Possessable_pawn3] PRESS 'E' TO POSSESS!
[2018.03.16-21.23.46:035][897]LogBlueprintUserMessages: [BP_ThirdPersonCharacter_C_0] Possessed a pawn! PRESS R TO RETURN TO GHOST!
[2018.03.16-21.24.01:990][794]LogBlueprintUserMessages: [BP_WeightDependant_Button_358] 50.0
[2018.03.16-21.24.01:990][794]LogBlueprintUserMessages: [BP_WeightDependant_Button_358] 100.0
[2018.03.16-21.24.01:990][794]LogBlueprintUserMessages: [BP_WeightDependant_Button_358] 200.0
[2018.03.16-21.24.01:990][794]LogBlueprintUserMessages: [BP_WeightDependant_Button_358] 300.0
[2018.03.16-21.24.05:728][241]LogBlueprintUserMessages: [Possessable_pawn3] PRESS 'E' TO POSSESS!
[2018.03.16-21.24.07:637][468]LogBlueprintUserMessages: [Possessable_pawn3] PRESS 'E' TO POSSESS!
[2018.03.16-21.24.11:651][922]Cmd: OBJ SAVEPACKAGE PACKAGE="/Game/Maps/Level01" FILE="C:/Users/Bendick/Documents/GitHub/GameJam01/GameJam01/Content/Maps/Level01.umap" SILENT=true AUTOSAVING=false KEEPDIRTY=false
[2018.03.16-21.24.11:710][922]LogSavePackage: Save=39.45ms
[2018.03.16-21.24.11:710][922]LogSavePackage: Moving 'C:/Users/Bendick/Documents/GitHub/GameJam01/GameJam01/Saved/Level017508BA504CF5DD4F3CE4CC97C4A47020.tmp' to 'C:/Users/Bendick/Documents/GitHub/GameJam01/GameJam01/Content/Maps/Level01.umap'
[2018.03.16-21.24.11:712][922]LogSavePackage: Display: Finished SavePackage C:/Users/Bendick/Documents/GitHub/GameJam01/GameJam01/Content/Maps/Level01.umap
[2018.03.16-21.24.14:909][100]LogSavePackage: Save=116.29ms
[2018.03.16-21.24.14:909][100]LogSavePackage: Moving 'C:/Users/Bendick/Documents/GitHub/GameJam01/GameJam01/Saved/BP_Master_Possessable_pawn727CB9704CE5C07124C91B8D4D1ECF85.tmp' to 'C:/Users/Bendick/Documents/GitHub/GameJam01/GameJam01/Content/Blueprints/Possessable_pawns/BP_Master_Possessable_pawn.uasset'
[2018.03.16-21.24.14:911][100]LogSavePackage: Display: Finished SavePackage C:/Users/Bendick/Documents/GitHub/GameJam01/GameJam01/Content/Blueprints/Possessable_pawns/BP_Master_Possessable_pawn.uasset
[2018.03.16-21.24.15:028][100]LogWindowsTextInputMethodSystem: Display: IME system now deactivated.
[2018.03.16-21.24.15:028][100]LogWindowsTextInputMethodSystem: Display: IME system now deactivated.
[2018.03.16-21.24.15:192][101]Cmd: QUIT_EDITOR
[2018.03.16-21.24.15:283][101]LogExit: Preparing to exit.
[2018.03.16-21.24.16:287][101]LogExit: Editor shut down
[2018.03.16-21.24.16:290][101]LogExit: Transaction tracking system shut down
[2018.03.16-21.24.16:514][101]LogDirectoryWatcher: A directory notification for '../../../Engine/Content/' was aborted.
[2018.03.16-21.24.16:514][101]LogDirectoryWatcher: A directory notification for 'C:/Users/Bendick/Documents/GitHub/GameJam01/GameJam01/Content/' was aborted.
[2018.03.16-21.24.16:514][101]LogDirectoryWatcher: A directory notification for '../../../Engine/Plugins/2D/Paper2D/Content/' was aborted.
[2018.03.16-21.24.16:514][101]LogDirectoryWatcher: A directory notification for '../../../Engine/Plugins/Media/MediaCompositing/Content/' was aborted.
[2018.03.16-21.24.16:514][101]LogDirectoryWatcher: A directory notification for '../../../Engine/Plugins/Runtime/AppleARKit/Content/' was aborted.
[2018.03.16-21.24.16:514][101]LogDirectoryWatcher: A directory notification for '../../../Engine/Plugins/Runtime/Oculus/OculusVR/Content/' was aborted.
[2018.03.16-21.24.16:514][101]LogDirectoryWatcher: A directory notification for '../../../Engine/Plugins/Runtime/Steam/SteamVR/Content/' was aborted.
[2018.03.16-21.24.16:581][101]LogExit: Object subsystem successfully closed.
[2018.03.16-21.24.16:603][101]LogD3D11RHI: Shutdown
[2018.03.16-21.24.16:603][101]LogD3D11RHI: CleanupD3DDevice
[2018.03.16-21.24.16:605][101]LogD3D11RHI: ~FD3D11DynamicRHI
[2018.03.16-21.24.16:613][101]LogModuleManager: Shutting down and abandoning module BlueprintGraph (554)
[2018.03.16-21.24.16:613][101]LogModuleManager: Shutting down and abandoning module MovieSceneCapture (552)
[2018.03.16-21.24.16:613][101]LogModuleManager: Shutting down and abandoning module ExternalImagePicker (550)
[2018.03.16-21.24.16:613][101]LogModuleManager: Shutting down and abandoning module HierarchicalLODOutliner (548)
[2018.03.16-21.24.16:613][101]LogModuleManager: Shutting down and abandoning module SceneOutliner (546)
[2018.03.16-21.24.16:613][101]LogModuleManager: Shutting down and abandoning module AddContentDialog (544)
[2018.03.16-21.24.16:613][101]LogDirectoryWatcher: A directory notification for 'D:/EpicGames/UE_4.18/FeaturePacks/' was aborted.
[2018.03.16-21.24.16:613][101]LogModuleManager: Shutting down and abandoning module WidgetCarousel (543)
[2018.03.16-21.24.16:613][101]LogModuleManager: Shutting down and abandoning module EditorWidgets (540)
[2018.03.16-21.24.16:613][101]LogModuleManager: Shutting down and abandoning module CollectionManager (538)
[2018.03.16-21.24.16:613][101]LogDirectoryWatcher: A directory notification for 'C:/Users/Bendick/Documents/GitHub/GameJam01/GameJam01/Content/Collections/' was aborted.
[2018.03.16-21.24.16:613][101]LogDirectoryWatcher: A directory notification for 'C:/Users/Bendick/Documents/GitHub/GameJam01/GameJam01/Content/Developers/Bendick/Collections/' was aborted.
[2018.03.16-21.24.16:613][101]LogDirectoryWatcher: A directory notification for 'C:/Users/Bendick/Documents/GitHub/GameJam01/GameJam01/Saved/Collections/' was aborted.
[2018.03.16-21.24.16:614][101]LogModuleManager: Shutting down and abandoning module StatsViewer (536)
[2018.03.16-21.24.16:614][101]LogModuleManager: Shutting down and abandoning module FoliageEdit (534)
[2018.03.16-21.24.16:614][101]LogModuleManager: Shutting down and abandoning module LandscapeEditor (532)
[2018.03.16-21.24.16:614][101]LogModuleManager: Shutting down and abandoning module MeshPaintMode (530)
[2018.03.16-21.24.16:614][101]LogModuleManager: Shutting down and abandoning module SceneDepthPickerMode (528)
[2018.03.16-21.24.16:614][101]LogModuleManager: Shutting down and abandoning module ActorPickerMode (526)
[2018.03.16-21.24.16:614][101]LogModuleManager: Shutting down and abandoning module GeometryMode (524)
[2018.03.16-21.24.16:614][101]LogModuleManager: Shutting down and abandoning module TextureAlignMode (522)
[2018.03.16-21.24.16:614][101]LogModuleManager: Shutting down and abandoning module BspMode (520)
[2018.03.16-21.24.16:614][101]LogModuleManager: Shutting down and abandoning module PIEPreviewDeviceProfileSelector (518)
[2018.03.16-21.24.16:614][101]LogModuleManager: Shutting down and abandoning module HardwareSurvey (516)
[2018.03.16-21.24.16:614][101]LogModuleManager: Shutting down and abandoning module SequenceRecorderSections (514)
[2018.03.16-21.24.16:614][101]LogModuleManager: Shutting down and abandoning module AutomationWorker (512)
[2018.03.16-21.24.16:614][101]LogModuleManager: Shutting down and abandoning module MatineeToLevelSequence (510)
[2018.03.16-21.24.16:614][101]LogModuleManager: Shutting down and abandoning module LevelSequenceEditor (508)
[2018.03.16-21.24.16:614][101]LogModuleManager: Shutting down and abandoning module PlacementMode (507)
[2018.03.16-21.24.16:614][101]LogModuleManager: Shutting down and abandoning module WmfMediaFactory (504)
[2018.03.16-21.24.16:614][101]LogModuleManager: Shutting down and abandoning module WmfMediaEditor (502)
[2018.03.16-21.24.16:614][101]LogModuleManager: Shutting down and abandoning module OpenExrWrapper (500)
[2018.03.16-21.24.16:614][101]LogModuleManager: Shutting down and abandoning module ImgMediaFactory (498)
[2018.03.16-21.24.16:614][101]LogModuleManager: Shutting down and abandoning module ImgMediaEditor (496)
[2018.03.16-21.24.16:614][101]LogModuleManager: Shutting down and abandoning module AvfMediaFactory (494)
[2018.03.16-21.24.16:614][101]LogModuleManager: Shutting down and abandoning module AvfMediaEditor (492)
[2018.03.16-21.24.16:614][101]LogModuleManager: Shutting down and abandoning module AndroidMediaFactory (490)
[2018.03.16-21.24.16:614][101]LogModuleManager: Shutting down and abandoning module AndroidMediaEditor (488)
[2018.03.16-21.24.16:614][101]LogModuleManager: Shutting down and abandoning module CharacterAI (486)
[2018.03.16-21.24.16:614][101]LogModuleManager: Shutting down and abandoning module AudioCapture (484)
[2018.03.16-21.24.16:614][101]LogModuleManager: Shutting down and abandoning module SequenceRecorder (483)
[2018.03.16-21.24.16:614][101]LogModuleManager: Shutting down and abandoning module SmartSnapping (480)
[2018.03.16-21.24.16:614][101]LogModuleManager: Shutting down and abandoning module SessionServices (478)
[2018.03.16-21.24.16:614][101]LogModuleManager: Shutting down and abandoning module ViewportSnapping (476)
[2018.03.16-21.24.16:614][101]LogModuleManager: Shutting down and abandoning module ViewportInteraction (474)
[2018.03.16-21.24.16:614][101]LogModuleManager: Shutting down and abandoning module ClothPainter (472)
[2018.03.16-21.24.16:614][101]LogModuleManager: Shutting down and abandoning module SkeletalMeshEditor (471)
[2018.03.16-21.24.16:614][101]LogModuleManager: Shutting down and abandoning module LogVisualizer (468)
[2018.03.16-21.24.16:614][101]LogModuleManager: Shutting down and abandoning module IntroTutorials (466)
[2018.03.16-21.24.16:614][101]LogModuleManager: Shutting down and abandoning module GameProjectGeneration (465)
[2018.03.16-21.24.16:614][101]LogModuleManager: Shutting down and abandoning module IOSPlatformEditor (462)
[2018.03.16-21.24.16:614][101]LogModuleManager: Shutting down and abandoning module HTML5PlatformEditor (460)
[2018.03.16-21.24.16:614][101]LogModuleManager: Shutting down and abandoning module AndroidPlatformEditor (458)
[2018.03.16-21.24.16:614][101]LogModuleManager: Shutting down and abandoning module AndroidDeviceDetection (457)
[2018.03.16-21.24.17:606][101]LogModuleManager: Shutting down and abandoning module WindowsPlatformEditor (454)
[2018.03.16-21.24.17:606][101]LogModuleManager: Shutting down and abandoning module IOSRuntimeSettings (452)
[2018.03.16-21.24.17:606][101]LogModuleManager: Shutting down and abandoning module AndroidRuntimeSettings (450)
[2018.03.16-21.24.17:606][101]LogModuleManager: Shutting down and abandoning module InputBindingEditor (448)
[2018.03.16-21.24.17:606][101]LogModuleManager: Shutting down and abandoning module MergeActors (446)
[2018.03.16-21.24.17:606][101]LogModuleManager: Shutting down and abandoning module SizeMap (444)
[2018.03.16-21.24.17:606][101]LogModuleManager: Shutting down and abandoning module TreeMap (442)
[2018.03.16-21.24.17:606][101]LogModuleManager: Shutting down and abandoning module ReferenceViewer (440)
[2018.03.16-21.24.17:606][101]LogModuleManager: Shutting down and abandoning module LocalizationDashboard (438)
[2018.03.16-21.24.17:606][101]LogModuleManager: Shutting down and abandoning module LocalizationService (437)
[2018.03.16-21.24.17:606][101]LogModuleManager: Shutting down and abandoning module HardwareTargeting (434)
[2018.03.16-21.24.17:606][101]LogModuleManager: Shutting down and abandoning module DeviceProfileEditor (432)
[2018.03.16-21.24.17:606][101]LogModuleManager: Shutting down and abandoning module UndoHistory (430)
[2018.03.16-21.24.17:606][101]LogModuleManager: Shutting down and abandoning module XmlParser (428)
[2018.03.16-21.24.17:606][101]LogModuleManager: Shutting down and abandoning module Blutility (426)
[2018.03.16-21.24.17:606][101]LogModuleManager: Shutting down and abandoning module ProjectSettingsViewer (424)
[2018.03.16-21.24.17:606][101]LogModuleManager: Shutting down and abandoning module ProjectTargetPlatformEditor (423)
[2018.03.16-21.24.17:606][101]LogModuleManager: Shutting down and abandoning module EditorSettingsViewer (420)
[2018.03.16-21.24.17:606][101]LogModuleManager: Shutting down and abandoning module SettingsEditor (418)
[2018.03.16-21.24.17:606][101]LogModuleManager: Shutting down and abandoning module ProjectLauncher (416)
[2018.03.16-21.24.17:606][101]LogModuleManager: Shutting down and abandoning module SessionFrontend (414)
[2018.03.16-21.24.17:606][101]LogModuleManager: Shutting down and abandoning module ProfilerClient (412)
[2018.03.16-21.24.17:606][101]LogModuleManager: Shutting down and abandoning module DeviceManager (410)
[2018.03.16-21.24.17:606][101]LogModuleManager: Shutting down and abandoning module TargetDeviceServices (409)
[2018.03.16-21.24.17:658][101]LogModuleManager: Shutting down and abandoning module AutomationController (406)
[2018.03.16-21.24.17:658][101]LogModuleManager: Shutting down and abandoning module AutomationWindow (404)
[2018.03.16-21.24.17:658][101]LogModuleManager: Shutting down and abandoning module Layers (402)
[2018.03.16-21.24.17:658][101]LogModuleManager: Shutting down and abandoning module ComponentVisualizers (400)
[2018.03.16-21.24.17:658][101]LogModuleManager: Shutting down and abandoning module DetailCustomizations (398)
[2018.03.16-21.24.17:658][101]LogModuleManager: Shutting down and abandoning module PackagesDialog (396)
[2018.03.16-21.24.17:658][101]LogModuleManager: Shutting down and abandoning module Persona (394)
[2018.03.16-21.24.17:658][101]LogModuleManager: Shutting down and abandoning module AdvancedPreviewScene (393)
[2018.03.16-21.24.17:658][101]LogModuleManager: Shutting down and abandoning module AnimGraph (391)
[2018.03.16-21.24.17:658][101]LogModuleManager: Shutting down and abandoning module Kismet (388)
[2018.03.16-21.24.17:663][101]LogModuleManager: Shutting down and abandoning module ClassViewer (386)
[2018.03.16-21.24.17:663][101]LogModuleManager: Shutting down and abandoning module Toolbox (384)
[2018.03.16-21.24.17:663][101]LogModuleManager: Shutting down and abandoning module ModuleUI (382)
[2018.03.16-21.24.17:663][101]LogModuleManager: Shutting down and abandoning module MovieSceneTools (380)
[2018.03.16-21.24.17:663][101]LogModuleManager: Shutting down and abandoning module OutputLog (378)
[2018.03.16-21.24.17:663][101]LogModuleManager: Shutting down and abandoning module GammaUI (376)
[2018.03.16-21.24.17:663][101]LogModuleManager: Shutting down and abandoning module Documentation (374)
[2018.03.16-21.24.17:664][101]LogModuleManager: Shutting down and abandoning module MovieSceneTracks (372)
[2018.03.16-21.24.17:664][101]LogModuleManager: Shutting down and abandoning module MovieScene (370)
[2018.03.16-21.24.17:664][101]LogModuleManager: Shutting down and abandoning module StreamingPauseRendering (368)
[2018.03.16-21.24.17:664][101]LogModuleManager: Shutting down and abandoning module LauncherPlatform (366)
[2018.03.16-21.24.17:664][101]LogModuleManager: Shutting down and abandoning module AnalyticsET (364)
[2018.03.16-21.24.17:664][101]LogModuleManager: Shutting down and abandoning module PortalServices (362)
[2018.03.16-21.24.17:664][101]LogModuleManager: Shutting down and abandoning module PortalRpc (360)
[2018.03.16-21.24.17:664][101]LogModuleManager: Shutting down and abandoning module MessagingRpc (358)
[2018.03.16-21.24.17:664][101]LogModuleManager: Shutting down and abandoning module AIModule (356)
[2018.03.16-21.24.17:664][101]LogModuleManager: Shutting down and abandoning module GameplayDebugger (355)
[2018.03.16-21.24.17:664][101]LogModuleManager: Shutting down and abandoning module AITestSuite (353)
[2018.03.16-21.24.17:664][101]LogModuleManager: Shutting down and abandoning module DesktopPlatform (350)
[2018.03.16-21.24.17:664][101]LogModuleManager: Shutting down and abandoning module ProfilerService (348)
[2018.03.16-21.24.17:803][101]LogModuleManager: Shutting down and abandoning module TaskGraph (346)
[2018.03.16-21.24.17:803][101]LogModuleManager: Shutting down and abandoning module SteamVRController (344)
[2018.03.16-21.24.17:803][101]LogModuleManager: Shutting down and abandoning module ProceduralMeshComponentEditor (342)
[2018.03.16-21.24.17:804][101]LogModuleManager: Shutting down and abandoning module ProceduralMeshComponent (340)
[2018.03.16-21.24.17:804][101]LogModuleManager: Shutting down and abandoning module OculusInput (338)
[2018.03.16-21.24.17:804][101]LogModuleManager: Shutting down and abandoning module MobilePatchingUtils (336)
[2018.03.16-21.24.17:804][101]LogModuleManager: Shutting down and abandoning module CustomMeshComponent (334)
[2018.03.16-21.24.17:804][101]LogModuleManager: Shutting down and abandoning module CableComponent (332)
[2018.03.16-21.24.17:804][101]LogModuleManager: Shutting down and abandoning module ArchVisCharacter (330)
[2018.03.16-21.24.17:804][101]LogModuleManager: Shutting down and abandoning module AndroidPermission (328)
[2018.03.16-21.24.17:804][101]LogModuleManager: Shutting down and abandoning module ActorSequence (324)
[2018.03.16-21.24.17:804][101]LogModuleManager: Shutting down and abandoning module MediaPlayerEditor (322)
[2018.03.16-21.24.17:804][101]LogModuleManager: Shutting down and abandoning module MediaCompositingEditor (320)
[2018.03.16-21.24.17:804][101]LogModuleManager: Shutting down and abandoning module MediaCompositing (318)
[2018.03.16-21.24.17:804][101]LogModuleManager: Shutting down and abandoning module HTML5Networking (316)
[2018.03.16-21.24.17:804][101]LogModuleManager: Shutting down and abandoning module AlembicImporter (314)
[2018.03.16-21.24.17:804][101]LogModuleManager: Shutting down and abandoning module AlembicLibrary (313)
[2018.03.16-21.24.17:804][101]LogModuleManager: Shutting down and abandoning module GeometryCache (312)
[2018.03.16-21.24.17:804][101]LogModuleManager: Shutting down and abandoning module GeometryCacheEd (311)
[2018.03.16-21.24.17:804][101]LogModuleManager: Shutting down and abandoning module SpeedTreeImporter (306)
[2018.03.16-21.24.17:804][101]LogModuleManager: Shutting down and abandoning module PluginBrowser (304)
[2018.03.16-21.24.17:804][101]LogModuleManager: Shutting down and abandoning module MobileLauncherProfileWizard (302)
[2018.03.16-21.24.17:804][101]LogModuleManager: Shutting down and abandoning module VisualStudioSourceCodeAccess (300)
[2018.03.16-21.24.17:804][101]LogModuleManager: Shutting down and abandoning module VisualStudioCodeSourceCodeAccess (298)
[2018.03.16-21.24.17:804][101]LogModuleManager: Shutting down and abandoning module UObjectPlugin (296)
[2018.03.16-21.24.17:804][101]LogModuleManager: Shutting down and abandoning module SubversionSourceControl (294)
[2018.03.16-21.24.17:804][101]LogModuleManager: Shutting down and abandoning module PerforceSourceControl (292)
[2018.03.16-21.24.17:804][101]LogModuleManager: Shutting down and abandoning module GitSourceControl (290)
[2018.03.16-21.24.17:804][101]LogModuleManager: Shutting down and abandoning module SourceControl (289)
[2018.03.16-21.24.17:804][101]LogModuleManager: Shutting down and abandoning module LightPropagationVolumeEditor (286)
[2018.03.16-21.24.17:804][101]LogModuleManager: Shutting down and abandoning module PaperTiledImporter (284)
[2018.03.16-21.24.17:804][101]LogModuleManager: Shutting down and abandoning module PaperSpriteSheetImporter (282)
[2018.03.16-21.24.17:804][101]LogModuleManager: Shutting down and abandoning module Paper2DEditor (280)
[2018.03.16-21.24.17:804][101]LogModuleManager: Shutting down and abandoning module MeshPaint (279)
[2018.03.16-21.24.17:804][101]LogModuleManager: Shutting down and abandoning module LevelEditor (277)
[2018.03.16-21.24.17:805][101]LogModuleManager: Shutting down and abandoning module PixelInspectorModule (276)
[2018.03.16-21.24.17:805][101]LogModuleManager: Shutting down and abandoning module MainFrame (274)
[2018.03.16-21.24.17:805][101]LogModuleManager: Shutting down and abandoning module HotReload (273)
[2018.03.16-21.24.17:805][101]LogModuleManager: Shutting down and abandoning module RuntimePhysXCooking (268)
[2018.03.16-21.24.17:805][101]LogModuleManager: Shutting down and abandoning module PhysXVehiclesEditor (266)
[2018.03.16-21.24.17:805][101]LogModuleManager: Shutting down and abandoning module PhysXVehicles (264)
[2018.03.16-21.24.17:805][101]LogModuleManager: Shutting down and abandoning module OculusEditor (262)
[2018.03.16-21.24.17:805][101]LogModuleManager: Shutting down and abandoning module LocationServicesBPLibrary (260)
[2018.03.16-21.24.17:805][101]LogModuleManager: Shutting down and abandoning module ImmediatePhysicsEditor (258)
[2018.03.16-21.24.17:805][101]LogModuleManager: Shutting down and abandoning module ImmediatePhysics (256)
[2018.03.16-21.24.17:805][101]LogModuleManager: Shutting down and abandoning module UdpMessaging (254)
[2018.03.16-21.24.17:906][101]LogModuleManager: Shutting down and abandoning module TcpMessaging (252)
[2018.03.16-21.24.18:006][101]LogModuleManager: Shutting down and abandoning module GameplayTagsEditor (250)
[2018.03.16-21.24.18:006][101]LogModuleManager: Shutting down and abandoning module FacialAnimationEditor (248)
[2018.03.16-21.24.18:006][101]LogModuleManager: Shutting down and abandoning module FacialAnimation (246)
[2018.03.16-21.24.18:006][101]LogModuleManager: Shutting down and abandoning module AssetManagerEditor (244)
[2018.03.16-21.24.18:006][101]LogModuleManager: Shutting down and abandoning module GraphEditor (243)
[2018.03.16-21.24.18:006][101]LogModuleManager: Shutting down and abandoning module ContentBrowser (241)
[2018.03.16-21.24.18:006][101]LogModuleManager: Shutting down and abandoning module LightPropagationVolumeRuntime (238)
[2018.03.16-21.24.18:006][101]LogModuleManager: Shutting down and abandoning module Paper2D (236)
[2018.03.16-21.24.18:006][101]LogModuleManager: Shutting down and abandoning module WindowsMoviePlayer (234)
[2018.03.16-21.24.18:006][101]LogModuleManager: Shutting down and abandoning module WmfMedia (232)
[2018.03.16-21.24.18:008][101]LogModuleManager: Shutting down and abandoning module ImgMedia (230)
[2018.03.16-21.24.18:008][101]LogModuleManager: Shutting down and abandoning module PacketHandler (228)
[2018.03.16-21.24.18:008][101]LogModuleManager: Shutting down and abandoning module ClothingSystemEditor (226)
[2018.03.16-21.24.18:008][101]LogModuleManager: Shutting down and abandoning module ClothingSystemRuntime (224)
[2018.03.16-21.24.18:008][101]LogModuleManager: Shutting down and abandoning module MediaAssets (222)
[2018.03.16-21.24.18:008][101]LogModuleManager: Shutting down and abandoning module Media (221)
[2018.03.16-21.24.18:013][101]LogModuleManager: Shutting down and abandoning module Overlay (218)
[2018.03.16-21.24.18:013][101]LogModuleManager: Shutting down and abandoning module OverlayEditor (217)
[2018.03.16-21.24.18:013][101]LogModuleManager: Shutting down and abandoning module VREditor (214)
[2018.03.16-21.24.18:013][101]LogModuleManager: Shutting down and abandoning module StringTableEditor (212)
[2018.03.16-21.24.18:013][101]LogModuleManager: Shutting down and abandoning module GameplayTasksEditor (210)
[2018.03.16-21.24.18:013][101]LogModuleManager: Shutting down and abandoning module BehaviorTreeEditor (208)
[2018.03.16-21.24.18:013][101]LogModuleManager: Shutting down and abandoning module FunctionalTesting (206)
[2018.03.16-21.24.18:014][101]LogModuleManager: Shutting down and abandoning module CollisionAnalyzer (204)
[2018.03.16-21.24.18:014][101]LogModuleManager: Shutting down and abandoning module WorkspaceMenuStructure (203)
[2018.03.16-21.24.18:014][101]LogModuleManager: Shutting down and abandoning module UMG (200)
[2018.03.16-21.24.18:014][101]LogModuleManager: Shutting down and abandoning module UMGEditor (199)
[2018.03.16-21.24.18:014][101]LogModuleManager: Shutting down and abandoning module Sequencer (198)
[2018.03.16-21.24.18:014][101]LogModuleManager: Shutting down and abandoning module MessageLog (195)
[2018.03.16-21.24.18:014][101]LogModuleManager: Shutting down and abandoning module SlateReflector (190)
[2018.03.16-21.24.18:014][101]LogModuleManager: Shutting down and abandoning module Slate (188)
[2018.03.16-21.24.18:014][101]LogModuleManager: Shutting down and abandoning module EditorStyle (186)
[2018.03.16-21.24.18:015][101]LogModuleManager: Shutting down and abandoning module MRMesh (184)
[2018.03.16-21.24.18:015][101]LogModuleManager: Shutting down and abandoning module SourceCodeAccess (182)
[2018.03.16-21.24.18:015][101]LogModuleManager: Shutting down and abandoning module HeadMountedDisplay (180)
[2018.03.16-21.24.18:015][101]LogModuleManager: Shutting down and abandoning module XAudio2 (178)
[2018.03.16-21.24.18:015][101]LogModuleManager: Shutting down and abandoning module Networking (176)
[2018.03.16-21.24.18:015][101]LogModuleManager: Shutting down and abandoning module Core (172)
[2018.03.16-21.24.18:015][101]LogModuleManager: Shutting down and abandoning module LevelSequence (168)
[2018.03.16-21.24.18:015][101]LogModuleManager: Shutting down and abandoning module DirectoryWatcher (166)
[2018.03.16-21.24.18:015][101]LogModuleManager: Shutting down and abandoning module KismetCompiler (164)
[2018.03.16-21.24.18:015][101]LogModuleManager: Shutting down and abandoning module MeshUtilities (162)
[2018.03.16-21.24.18:015][101]LogModuleManager: Shutting down and abandoning module MeshMergeUtilities (161)
[2018.03.16-21.24.18:015][101]LogModuleManager: Shutting down and abandoning module MeshReductionInterface (160)
[2018.03.16-21.24.18:015][101]LogModuleManager: Shutting down and abandoning module SimplygonSwarm (159)
[2018.03.16-21.24.18:015][101]LogModuleManager: Shutting down and abandoning module SimplygonMeshReduction (157)
[2018.03.16-21.24.18:015][101]LogModuleManager: Shutting down and abandoning module QuadricMeshReduction (155)
[2018.03.16-21.24.18:015][101]LogModuleManager: Shutting down and abandoning module MaterialBaking (151)
[2018.03.16-21.24.18:016][101]LogModuleManager: Shutting down and abandoning module DerivedDataCache (148)
[2018.03.16-21.24.18:067][101]LogDerivedDataCache: Shutdown
[2018.03.16-21.24.18:067][101]LogModuleManager: Shutting down and abandoning module TargetPlatform (146)
[2018.03.16-21.24.18:067][101]LogModuleManager: Shutting down and abandoning module VulkanShaderFormat (145)
[2018.03.16-21.24.18:067][101]LogModuleManager: Shutting down and abandoning module ShaderFormatVectorVM (143)
[2018.03.16-21.24.18:067][101]LogModuleManager: Shutting down and abandoning module ShaderFormatOpenGL (141)
[2018.03.16-21.24.18:067][101]LogModuleManager: Shutting down and abandoning module ShaderFormatD3D (139)
[2018.03.16-21.24.18:067][101]LogModuleManager: Shutting down and abandoning module MetalShaderFormat (137)
[2018.03.16-21.24.18:067][101]LogModuleManager: Shutting down and abandoning module TextureFormatUncompressed (135)
[2018.03.16-21.24.18:067][101]LogModuleManager: Shutting down and abandoning module TextureFormatPVR (133)
[2018.03.16-21.24.18:067][101]LogModuleManager: Shutting down and abandoning module TextureFormatDXT (131)
[2018.03.16-21.24.18:067][101]LogModuleManager: Shutting down and abandoning module TextureFormatIntelISPCTexComp (129)
[2018.03.16-21.24.18:067][101]LogModuleManager: Shutting down and abandoning module TextureFormatASTC (127)
[2018.03.16-21.24.18:067][101]LogModuleManager: Shutting down and abandoning module ImageWrapper (126)
[2018.03.16-21.24.18:067][101]LogModuleManager: Shutting down and abandoning module TextureFormatAndroid (123)
[2018.03.16-21.24.18:067][101]LogModuleManager: Shutting down and abandoning module AudioFormatOpus (121)
[2018.03.16-21.24.18:067][101]LogModuleManager: Shutting down and abandoning module AudioFormatOgg (119)
[2018.03.16-21.24.18:067][101]LogModuleManager: Shutting down and abandoning module AudioFormatADPCM (117)
[2018.03.16-21.24.18:067][101]LogModuleManager: Shutting down and abandoning module LinuxTargetPlatform (115)
[2018.03.16-21.24.18:067][101]LogModuleManager: Shutting down and abandoning module LinuxServerTargetPlatform (113)
[2018.03.16-21.24.18:067][101]LogModuleManager: Shutting down and abandoning module LinuxNoEditorTargetPlatform (111)
[2018.03.16-21.24.18:067][101]LogModuleManager: Shutting down and abandoning module LinuxClientTargetPlatform (109)
[2018.03.16-21.24.18:067][101]LogModuleManager: Shutting down and abandoning module TVOSTargetPlatform (107)
[2018.03.16-21.24.18:067][101]LogModuleManager: Shutting down and abandoning module Messaging (105)
[2018.03.16-21.24.18:067][101]LogModuleManager: Shutting down and abandoning module IOSTargetPlatform (103)
[2018.03.16-21.24.18:067][101]LogModuleManager: Shutting down and abandoning module HTML5TargetPlatform (101)
[2018.03.16-21.24.18:067][101]LogModuleManager: Shutting down and abandoning module AndroidTargetPlatform (99)
[2018.03.16-21.24.18:067][101]LogModuleManager: Shutting down and abandoning module Android_PVRTCTargetPlatform (97)
[2018.03.16-21.24.18:068][101]LogModuleManager: Shutting down and abandoning module Android_MultiTargetPlatform (95)
[2018.03.16-21.24.18:068][101]LogModuleManager: Shutting down and abandoning module Android_ETC2TargetPlatform (93)
[2018.03.16-21.24.18:068][101]LogModuleManager: Shutting down and abandoning module Android_ETC1TargetPlatform (91)
[2018.03.16-21.24.18:068][101]LogModuleManager: Shutting down and abandoning module Android_DXTTargetPlatform (89)
[2018.03.16-21.24.18:068][101]LogModuleManager: Shutting down and abandoning module Android_ATCTargetPlatform (87)
[2018.03.16-21.24.18:068][101]LogModuleManager: Shutting down and abandoning module Android_ASTCTargetPlatform (85)
[2018.03.16-21.24.18:068][101]LogModuleManager: Shutting down and abandoning module WindowsTargetPlatform (83)
[2018.03.16-21.24.18:068][101]LogModuleManager: Shutting down and abandoning module WindowsServerTargetPlatform (81)
[2018.03.16-21.24.18:068][101]LogModuleManager: Shutting down and abandoning module WindowsNoEditorTargetPlatform (79)
[2018.03.16-21.24.18:068][101]LogModuleManager: Shutting down and abandoning module WindowsClientTargetPlatform (77)
[2018.03.16-21.24.18:068][101]LogModuleManager: Shutting down and abandoning module MacTargetPlatform (75)
[2018.03.16-21.24.18:068][101]LogModuleManager: Shutting down and abandoning module MacServerTargetPlatform (73)
[2018.03.16-21.24.18:068][101]LogModuleManager: Shutting down and abandoning module MacNoEditorTargetPlatform (71)
[2018.03.16-21.24.18:068][101]LogModuleManager: Shutting down and abandoning module MacClientTargetPlatform (69)
[2018.03.16-21.24.18:068][101]LogModuleManager: Shutting down and abandoning module AllDesktopTargetPlatform (67)
[2018.03.16-21.24.18:068][101]LogModuleManager: Shutting down and abandoning module InputCore (64)
[2018.03.16-21.24.18:068][101]LogModuleManager: Shutting down and abandoning module Settings (62)
[2018.03.16-21.24.18:068][101]LogModuleManager: Shutting down and abandoning module PhysXCooking (60)
[2018.03.16-21.24.18:068][101]LogModuleManager: Shutting down and abandoning module SteamVR (58)
[2018.03.16-21.24.18:068][101]LogModuleManager: Shutting down and abandoning module OculusHMD (56)
[2018.03.16-21.24.18:068][101]LogModuleManager: Shutting down and abandoning module ExampleDeviceProfileSelector (54)
[2018.03.16-21.24.18:068][101]LogModuleManager: Shutting down and abandoning module AppleARKit (52)
[2018.03.16-21.24.18:068][101]LogModuleManager: Shutting down and abandoning module AugmentedReality (51)
[2018.03.16-21.24.18:068][101]LogModuleManager: Shutting down and abandoning module OnlineBlueprintSupport (48)
[2018.03.16-21.24.18:068][101]LogModuleManager: Shutting down and abandoning module OnlineSubsystem (44)
[2018.03.16-21.24.18:068][101]LogModuleManager: Shutting down and abandoning module XMPP (43)
[2018.03.16-21.24.18:068][101]LogModuleManager: Shutting down and abandoning module HTTP (41)
[2018.03.16-21.24.18:068][101]LogHttp: Display: Http module shutting down, but needs to wait on 1 outstanding Http requests:
[2018.03.16-21.24.18:068][101]LogHttp: Display: 	verb=[POST] url=[https://datarouter.ol.epicgames.com/datarouter/api/v1/public/data?SessionID=%7B26E7F6C5-4BEC-DE1A-0BA6-C0920A93E034%7D&AppID=UEEditor.Rocket.Release&AppVersion=4.18.3-3832480%2B%2B%2BUE4%2BRelease-4.18&UserID=0c75b627499df609a8813c9ced46962c%7Cfebaf0232e0e4e628b45a2bec753bbbc%7C408adb04-e8c0-4c29-a1fb-4d7ed05dedd7&AppEnvironment=datacollector-binary&UploadType=eteventstream] status=Processing
[2018.03.16-21.24.18:102][101]LogModuleManager: Shutting down and abandoning module SSL (40)
[2018.03.16-21.24.18:103][101]LogModuleManager: Shutting down and abandoning module AnimationModifiers (36)
[2018.03.16-21.24.18:103][101]LogModuleManager: Shutting down and abandoning module PropertyEditor (35)
[2018.03.16-21.24.18:103][101]LogModuleManager: Shutting down and abandoning module AudioEditor (32)
[2018.03.16-21.24.18:103][101]LogModuleManager: Shutting down and abandoning module TextureCompressor (30)
[2018.03.16-21.24.18:103][101]LogModuleManager: Shutting down and abandoning module ShaderCore (28)
[2018.03.16-21.24.18:103][101]LogModuleManager: Shutting down and abandoning module Landscape (26)
[2018.03.16-21.24.18:103][101]LogModuleManager: Shutting down and abandoning module SlateRHIRenderer (24)
[2018.03.16-21.24.18:104][101]LogModuleManager: Shutting down and abandoning module OpenGLDrv (22)
[2018.03.16-21.24.18:104][101]LogModuleManager: Shutting down and abandoning module D3D11RHI (20)
[2018.03.16-21.24.18:104][101]LogModuleManager: Shutting down and abandoning module AnimGraphRuntime (18)
[2018.03.16-21.24.18:104][101]LogModuleManager: Shutting down and abandoning module Renderer (16)
[2018.03.16-21.24.18:104][101]LogModuleManager: Shutting down and abandoning module Engine (14)
[2018.03.16-21.24.18:104][101]LogModuleManager: Shutting down and abandoning module CoreUObject (12)
[2018.03.16-21.24.18:104][101]LogModuleManager: Shutting down and abandoning module NetworkFile (10)
[2018.03.16-21.24.18:104][101]LogModuleManager: Shutting down and abandoning module CookedIterativeFile (8)
[2018.03.16-21.24.18:104][101]LogModuleManager: Shutting down and abandoning module StreamingFile (6)
[2018.03.16-21.24.18:104][101]LogModuleManager: Shutting down and abandoning module SandboxFile (4)
[2018.03.16-21.24.18:104][101]LogModuleManager: Shutting down and abandoning module PakFile (2)
[2018.03.16-21.24.18:106][101]LogExit: Exiting.
[2018.03.16-21.24.18:115][101]Log file closed, 03/16/18 22:24:18
